#! /usr/bin/vvp
:ivl_version "10.1 (stable)";
:ivl_delay_selection "TYPICAL";
:vpi_time_precision + 0;
:vpi_module "system";
:vpi_module "vhdl_sys";
:vpi_module "v2005_math";
:vpi_module "va_math";
S_0x55a2afd129b0 .scope module, "top_module_tb" "top_module_tb" 2 171;
 .timescale 0 0;
L_0x55a2afd78100 .functor NOT 1, v0x55a2afd54590_0, C4<0>, C4<0>, C4<0>;
L_0x55a2afd78170 .functor AND 1, L_0x55a2afd78100, v0x55a2afd546d0_0, C4<1>, C4<1>;
L_0x55a2afd78280 .functor NOT 1, v0x55a2afd54590_0, C4<0>, C4<0>, C4<0>;
L_0x55a2afd782f0 .functor AND 1, L_0x55a2afd78280, v0x55a2afd546d0_0, C4<1>, C4<1>;
L_0x55a2afd78450 .functor NOT 1, v0x55a2afd54590_0, C4<0>, C4<0>, C4<0>;
L_0x55a2afd784c0 .functor AND 1, L_0x55a2afd78450, v0x55a2afd546d0_0, C4<1>, C4<1>;
L_0x55a2afd786b0 .functor NOT 1, v0x55a2afd546d0_0, C4<0>, C4<0>, C4<0>;
L_0x55a2afd78720 .functor AND 1, L_0x55a2afd786b0, v0x55a2afd54590_0, C4<1>, C4<1>;
v0x55a2afd53220_0 .var "DeviceA", 7 0;
v0x55a2afd53320_0 .var "DeviceB", 7 0;
v0x55a2afd53400_0 .var "DeviceC", 7 0;
v0x55a2afd534f0_0 .var "DeviceD", 7 0;
RS_0x7f2e7ca0a0a8 .resolv tri, L_0x55a2afd6a130, L_0x55a2afd781e0;
v0x55a2afd535d0_0 .net8 "PA", 7 0, RS_0x7f2e7ca0a0a8;  2 drivers
RS_0x7f2e7ca0a408 .resolv tri, L_0x55a2afd6a6e0, L_0x55a2afd78360;
v0x55a2afd536e0_0 .net8 "PB", 7 0, RS_0x7f2e7ca0a408;  2 drivers
RS_0x7f2e7ca0bcc8 .resolv tri, L_0x55a2afd6af90, L_0x55a2afd756a0, L_0x55a2afd785c0;
v0x55a2afd537a0_0 .net8 "PC", 7 0, RS_0x7f2e7ca0bcc8;  3 drivers
RS_0x7f2e7ca0e248 .resolv tri, L_0x55a2afd77fc0, L_0x55a2afd78830;
v0x55a2afd53860_0 .net8 "PD", 7 0, RS_0x7f2e7ca0e248;  2 drivers
v0x55a2afd53920_0 .net *"_s0", 0 0, L_0x55a2afd78100;  1 drivers
v0x55a2afd53a00_0 .net *"_s10", 0 0, L_0x55a2afd782f0;  1 drivers
o0x7f2e7ca0e9c8 .functor BUFZ 8, C4<zzzzzzzz>; HiZ drive
; Elide local net with no drivers, v0x55a2afd53ac0_0 name=_s12
v0x55a2afd53ba0_0 .net *"_s16", 0 0, L_0x55a2afd78450;  1 drivers
v0x55a2afd53c80_0 .net *"_s18", 0 0, L_0x55a2afd784c0;  1 drivers
v0x55a2afd53d40_0 .net *"_s2", 0 0, L_0x55a2afd78170;  1 drivers
o0x7f2e7ca0ea88 .functor BUFZ 8, C4<zzzzzzzz>; HiZ drive
; Elide local net with no drivers, v0x55a2afd53e00_0 name=_s20
v0x55a2afd53ee0_0 .net *"_s24", 0 0, L_0x55a2afd786b0;  1 drivers
v0x55a2afd53fc0_0 .net *"_s26", 0 0, L_0x55a2afd78720;  1 drivers
o0x7f2e7ca0eb18 .functor BUFZ 8, C4<zzzzzzzz>; HiZ drive
; Elide local net with no drivers, v0x55a2afd54190_0 name=_s28
o0x7f2e7ca0eb48 .functor BUFZ 8, C4<zzzzzzzz>; HiZ drive
; Elide local net with no drivers, v0x55a2afd54270_0 name=_s4
v0x55a2afd54350_0 .net *"_s8", 0 0, L_0x55a2afd78280;  1 drivers
v0x55a2afd54430_0 .var "a", 1 0;
v0x55a2afd544f0_0 .var "cs", 0 0;
v0x55a2afd54590_0 .var "rd", 0 0;
v0x55a2afd54630_0 .var "rst", 0 0;
v0x55a2afd546d0_0 .var "wr", 0 0;
L_0x55a2afd781e0 .functor MUXZ 8, o0x7f2e7ca0eb48, v0x55a2afd53220_0, L_0x55a2afd78170, C4<>;
L_0x55a2afd78360 .functor MUXZ 8, o0x7f2e7ca0e9c8, v0x55a2afd53320_0, L_0x55a2afd782f0, C4<>;
L_0x55a2afd785c0 .functor MUXZ 8, o0x7f2e7ca0ea88, v0x55a2afd53400_0, L_0x55a2afd784c0, C4<>;
L_0x55a2afd78830 .functor MUXZ 8, o0x7f2e7ca0eb18, v0x55a2afd534f0_0, L_0x55a2afd78720, C4<>;
S_0x55a2afcc2eb0 .scope module, "tpmd" "Top_module" 2 177, 2 134 0, S_0x55a2afd129b0;
 .timescale 0 0;
    .port_info 0 /INOUT 8 "PA"
    .port_info 1 /INOUT 8 "PB"
    .port_info 2 /INOUT 8 "PC"
    .port_info 3 /INOUT 8 "PD"
    .port_info 4 /INPUT 1 "CS"
    .port_info 5 /INPUT 2 "A"
    .port_info 6 /INPUT 1 "RST"
    .port_info 7 /INPUT 1 "RD"
    .port_info 8 /INPUT 1 "WR"
L_0x55a2afcc72d0 .functor NOT 1, v0x55a2afd54590_0, C4<0>, C4<0>, C4<0>;
L_0x55a2afd17ef0 .functor NOT 1, v0x55a2afd546d0_0, C4<0>, C4<0>, C4<0>;
L_0x55a2afd54f40 .functor AND 1, L_0x55a2afd54dc0, L_0x55a2afd54ea0, C4<1>, C4<1>;
v0x55a2afd51ee0_0 .net "A", 1 0, v0x55a2afd54430_0;  1 drivers
v0x55a2afd51fe0_0 .net "CS", 0 0, v0x55a2afd544f0_0;  1 drivers
v0x55a2afd520a0_0 .net8 "PA", 7 0, RS_0x7f2e7ca0a0a8;  alias, 2 drivers
v0x55a2afd52140_0 .net8 "PB", 7 0, RS_0x7f2e7ca0a408;  alias, 2 drivers
v0x55a2afd521e0_0 .net8 "PC", 7 0, RS_0x7f2e7ca0bcc8;  alias, 3 drivers
v0x55a2afd522d0_0 .net8 "PD", 7 0, RS_0x7f2e7ca0e248;  alias, 2 drivers
v0x55a2afd52390_0 .net "PD_mode", 0 0, L_0x55a2afd54960;  1 drivers
v0x55a2afd52430_0 .net "RD", 0 0, v0x55a2afd54590_0;  1 drivers
v0x55a2afd52500_0 .net "RST", 0 0, v0x55a2afd54630_0;  1 drivers
v0x55a2afd525d0_0 .net "WR", 0 0, v0x55a2afd546d0_0;  1 drivers
v0x55a2afd526a0_0 .net *"_s0", 0 0, L_0x55a2afcc72d0;  1 drivers
v0x55a2afd52740_0 .net *"_s10", 0 0, L_0x55a2afd547f0;  1 drivers
L_0x7f2e7c9c1018 .functor BUFT 1, C4<1>, C4<0>, C4<0>, C4<0>;
v0x55a2afd527e0_0 .net/2u *"_s2", 0 0, L_0x7f2e7c9c1018;  1 drivers
v0x55a2afd528c0_0 .net *"_s21", 0 0, L_0x55a2afd54dc0;  1 drivers
v0x55a2afd529a0_0 .net *"_s23", 0 0, L_0x55a2afd54ea0;  1 drivers
v0x55a2afd52a80_0 .net *"_s4", 0 0, L_0x55a2afd17ef0;  1 drivers
L_0x7f2e7c9c1060 .functor BUFT 1, C4<0>, C4<0>, C4<0>, C4<0>;
v0x55a2afd52b60_0 .net/2u *"_s6", 0 0, L_0x7f2e7c9c1060;  1 drivers
L_0x7f2e7c9c10a8 .functor BUFT 1, C4<0>, C4<0>, C4<0>, C4<0>;
v0x55a2afd52c40_0 .net/2u *"_s8", 0 0, L_0x7f2e7c9c10a8;  1 drivers
v0x55a2afd52d20_0 .var "control_word", 7 0;
v0x55a2afd52e10_0 .net "ctrl_word_reg_enable", 0 0, L_0x55a2afd54f40;  1 drivers
v0x55a2afd52ee0_0 .net "ctrl_word_reg_out", 3 0, L_0x55a2afd69970;  1 drivers
RS_0x7f2e7ca0a078 .resolv tri, L_0x55a2afd6a090, L_0x55a2afd6a640, L_0x55a2afd6aef0, L_0x55a2afd77f20;
v0x55a2afd52fb0_0 .net8 "databus", 7 0, RS_0x7f2e7ca0a078;  4 drivers
v0x55a2afd53050_0 .net "port_enable", 3 0, v0x55a2afd3fcd0_0;  1 drivers
E_0x55a2afc9afa0 .event edge, v0x55a2afd51ee0_0, v0x55a2afd51110_0, v0x55a2afd45020_0;
L_0x55a2afd547f0 .functor MUXZ 1, L_0x7f2e7c9c10a8, L_0x7f2e7c9c1060, L_0x55a2afd17ef0, C4<>;
L_0x55a2afd54960 .functor MUXZ 1, L_0x55a2afd547f0, L_0x7f2e7c9c1018, L_0x55a2afcc72d0, C4<>;
L_0x55a2afd54b90 .part v0x55a2afd54430_0, 0, 1;
L_0x55a2afd54c80 .part v0x55a2afd54430_0, 1, 1;
L_0x55a2afd54d20 .part RS_0x7f2e7ca0e248, 7, 1;
L_0x55a2afd54dc0 .part v0x55a2afd54430_0, 0, 1;
L_0x55a2afd54ea0 .part v0x55a2afd54430_0, 1, 1;
L_0x55a2afd6a1d0 .part L_0x55a2afd69970, 0, 1;
L_0x55a2afd6a2c0 .part v0x55a2afd3fcd0_0, 0, 1;
L_0x55a2afd6a990 .part L_0x55a2afd69970, 1, 1;
L_0x55a2afd6aa90 .part v0x55a2afd3fcd0_0, 1, 1;
L_0x55a2afd77a30 .part L_0x55a2afd69970, 2, 1;
L_0x55a2afd77b40 .part v0x55a2afd3fcd0_0, 2, 1;
L_0x55a2afd77be0 .part L_0x55a2afd69970, 3, 1;
L_0x55a2afd78060 .part v0x55a2afd3fcd0_0, 3, 1;
S_0x55a2afcde690 .scope module, "PortA" "port8" 2 154, 2 92 0, S_0x55a2afcc2eb0;
 .timescale 0 0;
    .port_info 0 /INOUT 8 "port"
    .port_info 1 /INOUT 8 "databus"
    .port_info 2 /INPUT 1 "mode"
    .port_info 3 /INPUT 1 "enable"
L_0x55a2afd69db0 .functor NOT 1, L_0x55a2afd6a1d0, C4<0>, C4<0>, C4<0>;
L_0x55a2afd69e20 .functor AND 1, L_0x55a2afd6a2c0, L_0x55a2afd69db0, C4<1>, C4<1>;
L_0x55a2afd69f30 .functor AND 1, L_0x55a2afd6a2c0, L_0x55a2afd6a1d0, C4<1>, C4<1>;
v0x55a2afd3da80_0 .net *"_s0", 0 0, L_0x55a2afd69db0;  1 drivers
v0x55a2afd3db60_0 .net8 "databus", 7 0, RS_0x7f2e7ca0a078;  alias, 4 drivers
v0x55a2afd3dc70_0 .net "en1", 0 0, L_0x55a2afd69e20;  1 drivers
v0x55a2afd3dd40_0 .net "en2", 0 0, L_0x55a2afd69f30;  1 drivers
v0x55a2afd3de10_0 .net "enable", 0 0, L_0x55a2afd6a2c0;  1 drivers
v0x55a2afd3df00_0 .net "mode", 0 0, L_0x55a2afd6a1d0;  1 drivers
v0x55a2afd3dfa0_0 .net8 "port", 7 0, RS_0x7f2e7ca0a0a8;  alias, 2 drivers
S_0x55a2afce0c80 .scope module, "t1" "Tri_State_Buffer" 2 101, 2 83 0, S_0x55a2afcde690;
 .timescale 0 0;
    .port_info 0 /INPUT 8 "in"
    .port_info 1 /OUTPUT 8 "out"
    .port_info 2 /INPUT 1 "enable"
o0x7f2e7ca0a018 .functor BUFZ 8, C4<zzzzzzzz>; HiZ drive
; Elide local net with no drivers, v0x55a2afcdd430_0 name=_s0
v0x55a2afcd9f00_0 .net "enable", 0 0, L_0x55a2afd69f30;  alias, 1 drivers
v0x55a2afcd7560_0 .net8 "in", 7 0, RS_0x7f2e7ca0a078;  alias, 4 drivers
v0x55a2afcd1e50_0 .net8 "out", 7 0, RS_0x7f2e7ca0a0a8;  alias, 2 drivers
L_0x55a2afd6a130 .functor MUXZ 8, o0x7f2e7ca0a018, RS_0x7f2e7ca0a078, L_0x55a2afd69f30, C4<>;
S_0x55a2afd3d6e0 .scope module, "t2" "Tri_State_Buffer" 2 100, 2 83 0, S_0x55a2afcde690;
 .timescale 0 0;
    .port_info 0 /INPUT 8 "in"
    .port_info 1 /OUTPUT 8 "out"
    .port_info 2 /INPUT 1 "enable"
o0x7f2e7ca0a168 .functor BUFZ 8, C4<zzzzzzzz>; HiZ drive
; Elide local net with no drivers, v0x55a2afccf4b0_0 name=_s0
v0x55a2afcc9da0_0 .net "enable", 0 0, L_0x55a2afd69e20;  alias, 1 drivers
v0x55a2afcc73d0_0 .net8 "in", 7 0, RS_0x7f2e7ca0a0a8;  alias, 2 drivers
v0x55a2afd3d980_0 .net8 "out", 7 0, RS_0x7f2e7ca0a078;  alias, 4 drivers
L_0x55a2afd6a090 .functor MUXZ 8, o0x7f2e7ca0a168, RS_0x7f2e7ca0a0a8, L_0x55a2afd69e20, C4<>;
S_0x55a2afd3e110 .scope module, "PortB" "port8" 2 155, 2 92 0, S_0x55a2afcc2eb0;
 .timescale 0 0;
    .port_info 0 /INOUT 8 "port"
    .port_info 1 /INOUT 8 "databus"
    .port_info 2 /INPUT 1 "mode"
    .port_info 3 /INPUT 1 "enable"
L_0x55a2afd6a360 .functor NOT 1, L_0x55a2afd6a990, C4<0>, C4<0>, C4<0>;
L_0x55a2afd6a3d0 .functor AND 1, L_0x55a2afd6aa90, L_0x55a2afd6a360, C4<1>, C4<1>;
L_0x55a2afd6a4e0 .functor AND 1, L_0x55a2afd6aa90, L_0x55a2afd6a990, C4<1>, C4<1>;
v0x55a2afd3ef00_0 .net *"_s0", 0 0, L_0x55a2afd6a360;  1 drivers
v0x55a2afd3efe0_0 .net8 "databus", 7 0, RS_0x7f2e7ca0a078;  alias, 4 drivers
v0x55a2afd3f0a0_0 .net "en1", 0 0, L_0x55a2afd6a3d0;  1 drivers
v0x55a2afd3f1a0_0 .net "en2", 0 0, L_0x55a2afd6a4e0;  1 drivers
v0x55a2afd3f270_0 .net "enable", 0 0, L_0x55a2afd6aa90;  1 drivers
v0x55a2afd3f310_0 .net "mode", 0 0, L_0x55a2afd6a990;  1 drivers
v0x55a2afd3f3b0_0 .net8 "port", 7 0, RS_0x7f2e7ca0a408;  alias, 2 drivers
S_0x55a2afd3e300 .scope module, "t1" "Tri_State_Buffer" 2 101, 2 83 0, S_0x55a2afd3e110;
 .timescale 0 0;
    .port_info 0 /INPUT 8 "in"
    .port_info 1 /OUTPUT 8 "out"
    .port_info 2 /INPUT 1 "enable"
o0x7f2e7ca0a3a8 .functor BUFZ 8, C4<zzzzzzzz>; HiZ drive
; Elide local net with no drivers, v0x55a2afd3e540_0 name=_s0
v0x55a2afd3e640_0 .net "enable", 0 0, L_0x55a2afd6a4e0;  alias, 1 drivers
v0x55a2afd3e700_0 .net8 "in", 7 0, RS_0x7f2e7ca0a078;  alias, 4 drivers
v0x55a2afd3e7a0_0 .net8 "out", 7 0, RS_0x7f2e7ca0a408;  alias, 2 drivers
L_0x55a2afd6a6e0 .functor MUXZ 8, o0x7f2e7ca0a3a8, RS_0x7f2e7ca0a078, L_0x55a2afd6a4e0, C4<>;
S_0x55a2afd3e900 .scope module, "t2" "Tri_State_Buffer" 2 100, 2 83 0, S_0x55a2afd3e110;
 .timescale 0 0;
    .port_info 0 /INPUT 8 "in"
    .port_info 1 /OUTPUT 8 "out"
    .port_info 2 /INPUT 1 "enable"
o0x7f2e7ca0a4c8 .functor BUFZ 8, C4<zzzzzzzz>; HiZ drive
; Elide local net with no drivers, v0x55a2afd3eb20_0 name=_s0
v0x55a2afd3ec20_0 .net "enable", 0 0, L_0x55a2afd6a3d0;  alias, 1 drivers
v0x55a2afd3ece0_0 .net8 "in", 7 0, RS_0x7f2e7ca0a408;  alias, 2 drivers
v0x55a2afd3ede0_0 .net8 "out", 7 0, RS_0x7f2e7ca0a078;  alias, 4 drivers
L_0x55a2afd6a640 .functor MUXZ 8, o0x7f2e7ca0a4c8, RS_0x7f2e7ca0a408, L_0x55a2afd6a3d0, C4<>;
S_0x55a2afd3f520 .scope module, "ctrl" "control_unit" 2 144, 2 18 0, S_0x55a2afcc2eb0;
 .timescale 0 0;
    .port_info 0 /INPUT 1 "CS"
    .port_info 1 /INPUT 1 "RD"
    .port_info 2 /INPUT 1 "WR"
    .port_info 3 /INPUT 1 "A0"
    .port_info 4 /INPUT 1 "A1"
    .port_info 5 /OUTPUT 4 "control"
    .port_info 6 /INPUT 1 "ic_mode"
v0x55a2afd3f7e0_0 .net "A0", 0 0, L_0x55a2afd54b90;  1 drivers
v0x55a2afd3f8c0_0 .net "A1", 0 0, L_0x55a2afd54c80;  1 drivers
v0x55a2afd3f980_0 .net "CS", 0 0, v0x55a2afd544f0_0;  alias, 1 drivers
v0x55a2afd3fa20_0 .net "RD", 0 0, v0x55a2afd54590_0;  alias, 1 drivers
v0x55a2afd3fae0_0 .net "WR", 0 0, v0x55a2afd546d0_0;  alias, 1 drivers
v0x55a2afd3fbf0_0 .net "control", 3 0, v0x55a2afd3fcd0_0;  alias, 1 drivers
v0x55a2afd3fcd0_0 .var "control_reg", 3 0;
v0x55a2afd3fdb0_0 .net "ic_mode", 0 0, L_0x55a2afd54d20;  1 drivers
E_0x55a2afc9acb0/0 .event edge, v0x55a2afd3f980_0, v0x55a2afd3f7e0_0, v0x55a2afd3f8c0_0, v0x55a2afd3fa20_0;
E_0x55a2afc9acb0/1 .event edge, v0x55a2afd3fae0_0, v0x55a2afd3fdb0_0;
E_0x55a2afc9acb0 .event/or E_0x55a2afc9acb0/0, E_0x55a2afc9acb0/1;
S_0x55a2afd3ff50 .scope module, "ctrl_word_reg" "control_word_reg" 2 151, 2 1 0, S_0x55a2afcc2eb0;
 .timescale 0 0;
    .port_info 0 /INPUT 8 "in"
    .port_info 1 /OUTPUT 4 "out"
    .port_info 2 /INPUT 1 "en"
    .port_info 3 /INPUT 1 "RESET"
L_0x55a2afd65760 .functor AND 1, L_0x55a2afd65540, L_0x55a2afd65680, C4<1>, C4<1>;
L_0x55a2afd65910 .functor NOT 1, L_0x55a2afd65870, C4<0>, C4<0>, C4<0>;
L_0x55a2afd65e20 .functor AND 1, L_0x55a2afd65bb0, L_0x55a2afd65d50, C4<1>, C4<1>;
L_0x55a2afd65fd0 .functor AND 1, L_0x55a2afd66b90, L_0x55a2afd66cd0, C4<1>, C4<1>;
L_0x55a2afd66f40 .functor NOT 1, L_0x55a2afd66aa0, C4<0>, C4<0>, C4<0>;
L_0x55a2afd67600 .functor AND 1, L_0x55a2afd672a0, L_0x55a2afd674e0, C4<1>, C4<1>;
L_0x55a2afd68850 .functor AND 1, L_0x55a2afd68500, L_0x55a2afd68640, C4<1>, C4<1>;
L_0x55a2afd68a00 .functor NOT 1, L_0x55a2afd68960, C4<0>, C4<0>, C4<0>;
L_0x55a2afd690d0 .functor AND 1, L_0x55a2afd68d30, L_0x55a2afd68fb0, C4<1>, C4<1>;
v0x55a2afd40120_0 .net "RESET", 0 0, v0x55a2afd54630_0;  alias, 1 drivers
L_0x7f2e7c9c1180 .functor BUFT 1, C4<0>, C4<0>, C4<0>, C4<0>;
v0x55a2afd40200_0 .net/2u *"_s10", 0 0, L_0x7f2e7c9c1180;  1 drivers
v0x55a2afd402e0_0 .net *"_s100", 0 0, L_0x55a2afd66f40;  1 drivers
v0x55a2afd403d0_0 .net *"_s103", 0 0, L_0x55a2afd67000;  1 drivers
v0x55a2afd404b0_0 .net *"_s104", 31 0, L_0x55a2afd67160;  1 drivers
L_0x7f2e7c9c15b8 .functor BUFT 1, C4<0000000000000000000000000000000>, C4<0>, C4<0>, C4<0>;
v0x55a2afd405e0_0 .net *"_s107", 30 0, L_0x7f2e7c9c15b8;  1 drivers
L_0x7f2e7c9c1600 .functor BUFT 1, C4<00000000000000000000000000000000>, C4<0>, C4<0>, C4<0>;
v0x55a2afd406c0_0 .net/2u *"_s108", 31 0, L_0x7f2e7c9c1600;  1 drivers
v0x55a2afd407a0_0 .net *"_s110", 0 0, L_0x55a2afd672a0;  1 drivers
L_0x7f2e7c9c2b18 .functor BUFT 1, C4<00000000000000000000000000000001>, C4<0>, C4<0>, C4<0>;
v0x55a2afd40860_0 .net *"_s112", 31 0, L_0x7f2e7c9c2b18;  1 drivers
L_0x7f2e7c9c1648 .functor BUFT 1, C4<00000000000000000000000000000001>, C4<0>, C4<0>, C4<0>;
v0x55a2afd40940_0 .net/2u *"_s116", 31 0, L_0x7f2e7c9c1648;  1 drivers
v0x55a2afd40a20_0 .net *"_s118", 0 0, L_0x55a2afd674e0;  1 drivers
v0x55a2afd40ae0_0 .net *"_s120", 0 0, L_0x55a2afd67600;  1 drivers
L_0x7f2e7c9c1690 .functor BUFT 1, C4<0>, C4<0>, C4<0>, C4<0>;
v0x55a2afd40ba0_0 .net/2u *"_s122", 0 0, L_0x7f2e7c9c1690;  1 drivers
L_0x7f2e7c9c16d8 .functor BUFT 1, C4<0>, C4<0>, C4<0>, C4<0>;
v0x55a2afd40c80_0 .net/2u *"_s124", 0 0, L_0x7f2e7c9c16d8;  1 drivers
v0x55a2afd40d60_0 .net *"_s126", 0 0, L_0x55a2afd67750;  1 drivers
v0x55a2afd40e40_0 .net *"_s128", 0 0, L_0x55a2afd679c0;  1 drivers
v0x55a2afd40f20_0 .net *"_s13", 0 0, L_0x55a2afd652e0;  1 drivers
v0x55a2afd41000_0 .net *"_s130", 0 0, L_0x55a2afd67b50;  1 drivers
v0x55a2afd410e0_0 .net *"_s134", 31 0, L_0x55a2afd67dd0;  1 drivers
L_0x7f2e7c9c1720 .functor BUFT 1, C4<0000000000000000000000000000000>, C4<0>, C4<0>, C4<0>;
v0x55a2afd411c0_0 .net *"_s137", 30 0, L_0x7f2e7c9c1720;  1 drivers
L_0x7f2e7c9c1768 .functor BUFT 1, C4<00000000000000000000000000000000>, C4<0>, C4<0>, C4<0>;
v0x55a2afd412a0_0 .net/2u *"_s138", 31 0, L_0x7f2e7c9c1768;  1 drivers
v0x55a2afd41380_0 .net *"_s14", 31 0, L_0x55a2afd653d0;  1 drivers
v0x55a2afd41460_0 .net *"_s140", 0 0, L_0x55a2afd67ec0;  1 drivers
L_0x7f2e7c9c17b0 .functor BUFT 1, C4<0>, C4<0>, C4<0>, C4<0>;
v0x55a2afd41520_0 .net/2u *"_s142", 0 0, L_0x7f2e7c9c17b0;  1 drivers
v0x55a2afd41600_0 .net *"_s145", 0 0, L_0x55a2afd68100;  1 drivers
v0x55a2afd416e0_0 .net *"_s146", 31 0, L_0x55a2afd682b0;  1 drivers
L_0x7f2e7c9c17f8 .functor BUFT 1, C4<0000000000000000000000000000000>, C4<0>, C4<0>, C4<0>;
v0x55a2afd417c0_0 .net *"_s149", 30 0, L_0x7f2e7c9c17f8;  1 drivers
L_0x7f2e7c9c1840 .functor BUFT 1, C4<00000000000000000000000000000001>, C4<0>, C4<0>, C4<0>;
v0x55a2afd418a0_0 .net/2u *"_s150", 31 0, L_0x7f2e7c9c1840;  1 drivers
v0x55a2afd41980_0 .net *"_s152", 0 0, L_0x55a2afd68500;  1 drivers
L_0x7f2e7c9c2b60 .functor BUFT 1, C4<00000000000000000000000000000001>, C4<0>, C4<0>, C4<0>;
v0x55a2afd41a40_0 .net *"_s154", 31 0, L_0x7f2e7c9c2b60;  1 drivers
L_0x7f2e7c9c1888 .functor BUFT 1, C4<00000000000000000000000000000001>, C4<0>, C4<0>, C4<0>;
v0x55a2afd41b20_0 .net/2u *"_s158", 31 0, L_0x7f2e7c9c1888;  1 drivers
v0x55a2afd41c00_0 .net *"_s160", 0 0, L_0x55a2afd68640;  1 drivers
v0x55a2afd41cc0_0 .net *"_s162", 0 0, L_0x55a2afd68850;  1 drivers
v0x55a2afd41d80_0 .net *"_s165", 0 0, L_0x55a2afd68960;  1 drivers
v0x55a2afd41e60_0 .net *"_s166", 0 0, L_0x55a2afd68a00;  1 drivers
v0x55a2afd41f40_0 .net *"_s169", 0 0, L_0x55a2afd68b10;  1 drivers
L_0x7f2e7c9c11c8 .functor BUFT 1, C4<0000000000000000000000000000000>, C4<0>, C4<0>, C4<0>;
v0x55a2afd42020_0 .net *"_s17", 30 0, L_0x7f2e7c9c11c8;  1 drivers
v0x55a2afd42100_0 .net *"_s170", 31 0, L_0x55a2afd68730;  1 drivers
L_0x7f2e7c9c18d0 .functor BUFT 1, C4<0000000000000000000000000000000>, C4<0>, C4<0>, C4<0>;
v0x55a2afd421e0_0 .net *"_s173", 30 0, L_0x7f2e7c9c18d0;  1 drivers
L_0x7f2e7c9c1918 .functor BUFT 1, C4<00000000000000000000000000000000>, C4<0>, C4<0>, C4<0>;
v0x55a2afd422c0_0 .net/2u *"_s174", 31 0, L_0x7f2e7c9c1918;  1 drivers
v0x55a2afd423a0_0 .net *"_s176", 0 0, L_0x55a2afd68d30;  1 drivers
L_0x7f2e7c9c2ba8 .functor BUFT 1, C4<00000000000000000000000000000001>, C4<0>, C4<0>, C4<0>;
v0x55a2afd42460_0 .net *"_s178", 31 0, L_0x7f2e7c9c2ba8;  1 drivers
L_0x7f2e7c9c1210 .functor BUFT 1, C4<00000000000000000000000000000001>, C4<0>, C4<0>, C4<0>;
v0x55a2afd42540_0 .net/2u *"_s18", 31 0, L_0x7f2e7c9c1210;  1 drivers
L_0x7f2e7c9c1960 .functor BUFT 1, C4<00000000000000000000000000000001>, C4<0>, C4<0>, C4<0>;
v0x55a2afd42620_0 .net/2u *"_s182", 31 0, L_0x7f2e7c9c1960;  1 drivers
v0x55a2afd42700_0 .net *"_s184", 0 0, L_0x55a2afd68fb0;  1 drivers
v0x55a2afd427c0_0 .net *"_s186", 0 0, L_0x55a2afd690d0;  1 drivers
L_0x7f2e7c9c19a8 .functor BUFT 1, C4<1>, C4<0>, C4<0>, C4<0>;
v0x55a2afd42880_0 .net/2u *"_s188", 0 0, L_0x7f2e7c9c19a8;  1 drivers
L_0x7f2e7c9c19f0 .functor BUFT 1, C4<0>, C4<0>, C4<0>, C4<0>;
v0x55a2afd42960_0 .net/2u *"_s190", 0 0, L_0x7f2e7c9c19f0;  1 drivers
v0x55a2afd42a40_0 .net *"_s192", 0 0, L_0x55a2afd691e0;  1 drivers
v0x55a2afd42b20_0 .net *"_s194", 0 0, L_0x55a2afd694f0;  1 drivers
v0x55a2afd42c00_0 .net *"_s196", 0 0, L_0x55a2afd69680;  1 drivers
v0x55a2afd42ce0_0 .net *"_s2", 31 0, L_0x55a2afd55050;  1 drivers
v0x55a2afd42dc0_0 .net *"_s20", 0 0, L_0x55a2afd65540;  1 drivers
v0x55a2afd42e80_0 .net *"_s202", 0 0, L_0x55a2afd69b50;  1 drivers
L_0x7f2e7c9c2a40 .functor BUFT 1, C4<00000000000000000000000000000001>, C4<0>, C4<0>, C4<0>;
v0x55a2afd42f60_0 .net *"_s22", 31 0, L_0x7f2e7c9c2a40;  1 drivers
L_0x7f2e7c9c1258 .functor BUFT 1, C4<00000000000000000000000000000001>, C4<0>, C4<0>, C4<0>;
v0x55a2afd43040_0 .net/2u *"_s26", 31 0, L_0x7f2e7c9c1258;  1 drivers
v0x55a2afd43120_0 .net *"_s28", 0 0, L_0x55a2afd65680;  1 drivers
v0x55a2afd431e0_0 .net *"_s30", 0 0, L_0x55a2afd65760;  1 drivers
v0x55a2afd432a0_0 .net *"_s33", 0 0, L_0x55a2afd65870;  1 drivers
v0x55a2afd43380_0 .net *"_s34", 0 0, L_0x55a2afd65910;  1 drivers
v0x55a2afd43460_0 .net *"_s37", 0 0, L_0x55a2afd659d0;  1 drivers
v0x55a2afd43540_0 .net *"_s38", 31 0, L_0x55a2afd65ac0;  1 drivers
L_0x7f2e7c9c12a0 .functor BUFT 1, C4<0000000000000000000000000000000>, C4<0>, C4<0>, C4<0>;
v0x55a2afd43620_0 .net *"_s41", 30 0, L_0x7f2e7c9c12a0;  1 drivers
L_0x7f2e7c9c12e8 .functor BUFT 1, C4<00000000000000000000000000000000>, C4<0>, C4<0>, C4<0>;
v0x55a2afd43700_0 .net/2u *"_s42", 31 0, L_0x7f2e7c9c12e8;  1 drivers
v0x55a2afd437e0_0 .net *"_s44", 0 0, L_0x55a2afd65bb0;  1 drivers
L_0x7f2e7c9c2a88 .functor BUFT 1, C4<00000000000000000000000000000001>, C4<0>, C4<0>, C4<0>;
v0x55a2afd438a0_0 .net *"_s46", 31 0, L_0x7f2e7c9c2a88;  1 drivers
L_0x7f2e7c9c10f0 .functor BUFT 1, C4<0000000000000000000000000000000>, C4<0>, C4<0>, C4<0>;
v0x55a2afd43980_0 .net *"_s5", 30 0, L_0x7f2e7c9c10f0;  1 drivers
L_0x7f2e7c9c1330 .functor BUFT 1, C4<00000000000000000000000000000001>, C4<0>, C4<0>, C4<0>;
v0x55a2afd43a60_0 .net/2u *"_s50", 31 0, L_0x7f2e7c9c1330;  1 drivers
v0x55a2afd43b40_0 .net *"_s52", 0 0, L_0x55a2afd65d50;  1 drivers
v0x55a2afd43c00_0 .net *"_s54", 0 0, L_0x55a2afd65e20;  1 drivers
L_0x7f2e7c9c1378 .functor BUFT 1, C4<0>, C4<0>, C4<0>, C4<0>;
v0x55a2afd43cc0_0 .net/2u *"_s56", 0 0, L_0x7f2e7c9c1378;  1 drivers
L_0x7f2e7c9c13c0 .functor BUFT 1, C4<0>, C4<0>, C4<0>, C4<0>;
v0x55a2afd43da0_0 .net/2u *"_s58", 0 0, L_0x7f2e7c9c13c0;  1 drivers
L_0x7f2e7c9c1138 .functor BUFT 1, C4<00000000000000000000000000000000>, C4<0>, C4<0>, C4<0>;
v0x55a2afd43e80_0 .net/2u *"_s6", 31 0, L_0x7f2e7c9c1138;  1 drivers
v0x55a2afd43f60_0 .net *"_s60", 0 0, L_0x55a2afd65f30;  1 drivers
v0x55a2afd44040_0 .net *"_s62", 0 0, L_0x55a2afd66160;  1 drivers
v0x55a2afd44120_0 .net *"_s64", 0 0, L_0x55a2afd662f0;  1 drivers
v0x55a2afd44200_0 .net *"_s68", 31 0, L_0x55a2afd66500;  1 drivers
L_0x7f2e7c9c1408 .functor BUFT 1, C4<0000000000000000000000000000000>, C4<0>, C4<0>, C4<0>;
v0x55a2afd442e0_0 .net *"_s71", 30 0, L_0x7f2e7c9c1408;  1 drivers
L_0x7f2e7c9c1450 .functor BUFT 1, C4<00000000000000000000000000000000>, C4<0>, C4<0>, C4<0>;
v0x55a2afd443c0_0 .net/2u *"_s72", 31 0, L_0x7f2e7c9c1450;  1 drivers
v0x55a2afd444a0_0 .net *"_s74", 0 0, L_0x55a2afd66630;  1 drivers
L_0x7f2e7c9c1498 .functor BUFT 1, C4<0>, C4<0>, C4<0>, C4<0>;
v0x55a2afd44560_0 .net/2u *"_s76", 0 0, L_0x7f2e7c9c1498;  1 drivers
v0x55a2afd44640_0 .net *"_s79", 0 0, L_0x55a2afd66910;  1 drivers
v0x55a2afd44720_0 .net *"_s8", 0 0, L_0x55a2afd651a0;  1 drivers
v0x55a2afd447e0_0 .net *"_s80", 31 0, L_0x55a2afd669b0;  1 drivers
L_0x7f2e7c9c14e0 .functor BUFT 1, C4<0000000000000000000000000000000>, C4<0>, C4<0>, C4<0>;
v0x55a2afd448c0_0 .net *"_s83", 30 0, L_0x7f2e7c9c14e0;  1 drivers
L_0x7f2e7c9c1528 .functor BUFT 1, C4<00000000000000000000000000000001>, C4<0>, C4<0>, C4<0>;
v0x55a2afd449a0_0 .net/2u *"_s84", 31 0, L_0x7f2e7c9c1528;  1 drivers
v0x55a2afd44a80_0 .net *"_s86", 0 0, L_0x55a2afd66b90;  1 drivers
L_0x7f2e7c9c2ad0 .functor BUFT 1, C4<00000000000000000000000000000001>, C4<0>, C4<0>, C4<0>;
v0x55a2afd44b40_0 .net *"_s88", 31 0, L_0x7f2e7c9c2ad0;  1 drivers
L_0x7f2e7c9c1570 .functor BUFT 1, C4<00000000000000000000000000000001>, C4<0>, C4<0>, C4<0>;
v0x55a2afd44c20_0 .net/2u *"_s92", 31 0, L_0x7f2e7c9c1570;  1 drivers
v0x55a2afd44d00_0 .net *"_s94", 0 0, L_0x55a2afd66cd0;  1 drivers
v0x55a2afd44dc0_0 .net *"_s96", 0 0, L_0x55a2afd65fd0;  1 drivers
v0x55a2afd44e80_0 .net *"_s99", 0 0, L_0x55a2afd66aa0;  1 drivers
L_0x7f2e7c9c1a38 .functor BUFT 1, C4<1>, C4<0>, C4<0>, C4<0>;
v0x55a2afd44f60_0 .net "en", 0 0, L_0x7f2e7c9c1a38;  1 drivers
v0x55a2afd45020_0 .net "in", 7 0, v0x55a2afd52d20_0;  1 drivers
v0x55a2afd45100_0 .net "out", 3 0, L_0x55a2afd69970;  alias, 1 drivers
L_0x55a2afd55050 .concat [ 1 31 0 0], v0x55a2afd54630_0, L_0x7f2e7c9c10f0;
L_0x55a2afd651a0 .cmp/eq 32, L_0x55a2afd55050, L_0x7f2e7c9c1138;
L_0x55a2afd652e0 .part v0x55a2afd52d20_0, 7, 1;
L_0x55a2afd653d0 .concat [ 1 31 0 0], L_0x55a2afd652e0, L_0x7f2e7c9c11c8;
L_0x55a2afd65540 .cmp/eq 32, L_0x55a2afd653d0, L_0x7f2e7c9c1210;
L_0x55a2afd65680 .cmp/eq 32, L_0x7f2e7c9c2a40, L_0x7f2e7c9c1258;
L_0x55a2afd65870 .part v0x55a2afd52d20_0, 4, 1;
L_0x55a2afd659d0 .part v0x55a2afd52d20_0, 7, 1;
L_0x55a2afd65ac0 .concat [ 1 31 0 0], L_0x55a2afd659d0, L_0x7f2e7c9c12a0;
L_0x55a2afd65bb0 .cmp/eq 32, L_0x55a2afd65ac0, L_0x7f2e7c9c12e8;
L_0x55a2afd65d50 .cmp/eq 32, L_0x7f2e7c9c2a88, L_0x7f2e7c9c1330;
L_0x55a2afd65f30 .functor MUXZ 1, L_0x7f2e7c9c13c0, L_0x7f2e7c9c1378, L_0x55a2afd65e20, C4<>;
L_0x55a2afd66160 .functor MUXZ 1, L_0x55a2afd65f30, L_0x55a2afd65910, L_0x55a2afd65760, C4<>;
L_0x55a2afd662f0 .functor MUXZ 1, L_0x55a2afd66160, L_0x7f2e7c9c1180, L_0x55a2afd651a0, C4<>;
L_0x55a2afd66500 .concat [ 1 31 0 0], v0x55a2afd54630_0, L_0x7f2e7c9c1408;
L_0x55a2afd66630 .cmp/eq 32, L_0x55a2afd66500, L_0x7f2e7c9c1450;
L_0x55a2afd66910 .part v0x55a2afd52d20_0, 7, 1;
L_0x55a2afd669b0 .concat [ 1 31 0 0], L_0x55a2afd66910, L_0x7f2e7c9c14e0;
L_0x55a2afd66b90 .cmp/eq 32, L_0x55a2afd669b0, L_0x7f2e7c9c1528;
L_0x55a2afd66cd0 .cmp/eq 32, L_0x7f2e7c9c2ad0, L_0x7f2e7c9c1570;
L_0x55a2afd66aa0 .part v0x55a2afd52d20_0, 1, 1;
L_0x55a2afd67000 .part v0x55a2afd52d20_0, 7, 1;
L_0x55a2afd67160 .concat [ 1 31 0 0], L_0x55a2afd67000, L_0x7f2e7c9c15b8;
L_0x55a2afd672a0 .cmp/eq 32, L_0x55a2afd67160, L_0x7f2e7c9c1600;
L_0x55a2afd674e0 .cmp/eq 32, L_0x7f2e7c9c2b18, L_0x7f2e7c9c1648;
L_0x55a2afd67750 .functor MUXZ 1, L_0x7f2e7c9c16d8, L_0x7f2e7c9c1690, L_0x55a2afd67600, C4<>;
L_0x55a2afd679c0 .functor MUXZ 1, L_0x55a2afd67750, L_0x55a2afd66f40, L_0x55a2afd65fd0, C4<>;
L_0x55a2afd67b50 .functor MUXZ 1, L_0x55a2afd679c0, L_0x7f2e7c9c1498, L_0x55a2afd66630, C4<>;
L_0x55a2afd67dd0 .concat [ 1 31 0 0], v0x55a2afd54630_0, L_0x7f2e7c9c1720;
L_0x55a2afd67ec0 .cmp/eq 32, L_0x55a2afd67dd0, L_0x7f2e7c9c1768;
L_0x55a2afd68100 .part v0x55a2afd52d20_0, 7, 1;
L_0x55a2afd682b0 .concat [ 1 31 0 0], L_0x55a2afd68100, L_0x7f2e7c9c17f8;
L_0x55a2afd68500 .cmp/eq 32, L_0x55a2afd682b0, L_0x7f2e7c9c1840;
L_0x55a2afd68640 .cmp/eq 32, L_0x7f2e7c9c2b60, L_0x7f2e7c9c1888;
L_0x55a2afd68960 .part v0x55a2afd52d20_0, 0, 1;
L_0x55a2afd68b10 .part v0x55a2afd52d20_0, 7, 1;
L_0x55a2afd68730 .concat [ 1 31 0 0], L_0x55a2afd68b10, L_0x7f2e7c9c18d0;
L_0x55a2afd68d30 .cmp/eq 32, L_0x55a2afd68730, L_0x7f2e7c9c1918;
L_0x55a2afd68fb0 .cmp/eq 32, L_0x7f2e7c9c2ba8, L_0x7f2e7c9c1960;
L_0x55a2afd691e0 .functor MUXZ 1, L_0x7f2e7c9c19f0, L_0x7f2e7c9c19a8, L_0x55a2afd690d0, C4<>;
L_0x55a2afd694f0 .functor MUXZ 1, L_0x55a2afd691e0, L_0x55a2afd68a00, L_0x55a2afd68850, C4<>;
L_0x55a2afd69680 .functor MUXZ 1, L_0x55a2afd694f0, L_0x7f2e7c9c17b0, L_0x55a2afd67ec0, C4<>;
L_0x55a2afd69970 .concat8 [ 1 1 1 1], L_0x55a2afd662f0, L_0x55a2afd67b50, L_0x55a2afd69680, L_0x55a2afd69b50;
L_0x55a2afd69b50 .part v0x55a2afd52d20_0, 7, 1;
S_0x55a2afd45260 .scope module, "portC" "portC8" 2 156, 2 106 0, S_0x55a2afcc2eb0;
 .timescale 0 0;
    .port_info 0 /INOUT 8 "port"
    .port_info 1 /INOUT 8 "databus"
    .port_info 2 /INPUT 1 "mode"
    .port_info 3 /INPUT 1 "enable"
    .port_info 4 /INPUT 1 "ic_mode"
    .port_info 5 /INPUT 1 "A"
L_0x55a2afd6ab30 .functor NOT 1, L_0x55a2afd77a30, C4<0>, C4<0>, C4<0>;
L_0x55a2afd6aba0 .functor AND 1, L_0x55a2afd77b40, L_0x55a2afd6ab30, C4<1>, C4<1>;
L_0x55a2afd6ac10 .functor AND 1, L_0x55a2afd6aba0, L_0x55a2afd77be0, C4<1>, C4<1>;
L_0x55a2afd6ac80 .functor AND 1, L_0x55a2afd77b40, L_0x55a2afd77a30, C4<1>, C4<1>;
L_0x55a2afd6ad90 .functor AND 1, L_0x55a2afd6ac80, L_0x55a2afd77be0, C4<1>, C4<1>;
L_0x55a2afd6b440 .functor AND 1, L_0x55a2afd6b0d0, L_0x55a2afd6b300, C4<1>, C4<1>;
L_0x55a2afd6b800 .functor AND 1, L_0x55a2afd6b440, L_0x55a2afd6b680, C4<1>, C4<1>;
L_0x55a2afd6be70 .functor AND 1, L_0x55a2afd6c070, L_0x55a2afd6c320, C4<1>, C4<1>;
L_0x55a2afd6c8f0 .functor AND 1, L_0x55a2afd6be70, L_0x55a2afd6c710, C4<1>, C4<1>;
L_0x55a2afd6d7c0 .functor AND 1, L_0x55a2afd6d280, L_0x55a2afd6d590, C4<1>, C4<1>;
L_0x55a2afd6dc10 .functor AND 1, L_0x55a2afd6d7c0, L_0x55a2afd6d9d0, C4<1>, C4<1>;
L_0x55a2afd6ec70 .functor AND 1, L_0x55a2afd6e670, L_0x55a2afd6e9e0, C4<1>, C4<1>;
L_0x55a2afd6f180 .functor AND 1, L_0x55a2afd6ec70, L_0x55a2afd6eee0, C4<1>, C4<1>;
L_0x55a2afd70510 .functor AND 1, L_0x55a2afd6fe20, L_0x55a2afd701f0, C4<1>, C4<1>;
L_0x55a2afd6ed80 .functor AND 1, L_0x55a2afd70510, L_0x55a2afd70790, C4<1>, C4<1>;
L_0x55a2afd71f90 .functor AND 1, L_0x55a2afd717e0, L_0x55a2afd71c10, C4<1>, C4<1>;
L_0x55a2afd72580 .functor AND 1, L_0x55a2afd71f90, L_0x55a2afd72220, C4<1>, C4<1>;
L_0x55a2afd73cd0 .functor AND 1, L_0x55a2afd73460, L_0x55a2afd738f0, C4<1>, C4<1>;
L_0x55a2afd74330 .functor AND 1, L_0x55a2afd73cd0, L_0x55a2afd73f70, C4<1>, C4<1>;
L_0x55a2afd76360 .functor AND 1, L_0x55a2afd75d20, L_0x55a2afd76220, C4<1>, C4<1>;
L_0x55a2afd76990 .functor AND 1, L_0x55a2afd76360, L_0x55a2afd76850, C4<1>, C4<1>;
v0x55a2afd460c0_0 .net "A", 0 0, L_0x55a2afd54f40;  alias, 1 drivers
v0x55a2afd46180_0 .net *"_s0", 0 0, L_0x55a2afd6ab30;  1 drivers
v0x55a2afd46260_0 .net *"_s100", 0 0, L_0x55a2afd6cf80;  1 drivers
v0x55a2afd46350_0 .net *"_s105", 2 0, L_0x55a2afd6d1e0;  1 drivers
L_0x7f2e7c9c1e70 .functor BUFT 1, C4<010>, C4<0>, C4<0>, C4<0>;
v0x55a2afd46430_0 .net/2u *"_s106", 2 0, L_0x7f2e7c9c1e70;  1 drivers
v0x55a2afd46560_0 .net *"_s108", 0 0, L_0x55a2afd6d280;  1 drivers
v0x55a2afd46620_0 .net *"_s110", 31 0, L_0x55a2afd6d4a0;  1 drivers
L_0x7f2e7c9c1eb8 .functor BUFT 1, C4<0000000000000000000000000000000>, C4<0>, C4<0>, C4<0>;
v0x55a2afd46700_0 .net *"_s113", 30 0, L_0x7f2e7c9c1eb8;  1 drivers
L_0x7f2e7c9c1f00 .functor BUFT 1, C4<00000000000000000000000000000000>, C4<0>, C4<0>, C4<0>;
v0x55a2afd467e0_0 .net/2u *"_s114", 31 0, L_0x7f2e7c9c1f00;  1 drivers
v0x55a2afd468c0_0 .net *"_s116", 0 0, L_0x55a2afd6d590;  1 drivers
v0x55a2afd46980_0 .net *"_s118", 0 0, L_0x55a2afd6d7c0;  1 drivers
v0x55a2afd46a40_0 .net *"_s120", 31 0, L_0x55a2afd6d930;  1 drivers
L_0x7f2e7c9c1f48 .functor BUFT 1, C4<0000000000000000000000000000000>, C4<0>, C4<0>, C4<0>;
v0x55a2afd46b20_0 .net *"_s123", 30 0, L_0x7f2e7c9c1f48;  1 drivers
L_0x7f2e7c9c1f90 .functor BUFT 1, C4<00000000000000000000000000000001>, C4<0>, C4<0>, C4<0>;
v0x55a2afd46c00_0 .net/2u *"_s124", 31 0, L_0x7f2e7c9c1f90;  1 drivers
v0x55a2afd46ce0_0 .net *"_s126", 0 0, L_0x55a2afd6d9d0;  1 drivers
v0x55a2afd46da0_0 .net *"_s128", 0 0, L_0x55a2afd6dc10;  1 drivers
v0x55a2afd46e60_0 .net *"_s13", 2 0, L_0x55a2afd6b030;  1 drivers
v0x55a2afd46f40_0 .net *"_s131", 0 0, L_0x55a2afd6dd20;  1 drivers
v0x55a2afd47020_0 .net *"_s132", 31 0, L_0x55a2afd6ddc0;  1 drivers
L_0x7f2e7c9c1fd8 .functor BUFT 1, C4<0000000000000000000000000000000>, C4<0>, C4<0>, C4<0>;
v0x55a2afd47100_0 .net *"_s135", 30 0, L_0x7f2e7c9c1fd8;  1 drivers
L_0x7f2e7c9c2020 .functor BUFT 1, C4<00000000000000000000000000000000>, C4<0>, C4<0>, C4<0>;
v0x55a2afd471e0_0 .net/2u *"_s136", 31 0, L_0x7f2e7c9c2020;  1 drivers
v0x55a2afd472c0_0 .net *"_s138", 0 0, L_0x55a2afd6dfc0;  1 drivers
L_0x7f2e7c9c1a80 .functor BUFT 1, C4<000>, C4<0>, C4<0>, C4<0>;
v0x55a2afd47380_0 .net/2u *"_s14", 2 0, L_0x7f2e7c9c1a80;  1 drivers
v0x55a2afd47460_0 .net *"_s141", 0 0, L_0x55a2afd6e100;  1 drivers
o0x7f2e7ca0c2f8 .functor BUFZ 1, C4<z>; HiZ drive
; Elide local net with no drivers, v0x55a2afd47540_0 name=_s142
v0x55a2afd47620_0 .net *"_s144", 0 0, L_0x55a2afd6e2c0;  1 drivers
v0x55a2afd47700_0 .net *"_s146", 0 0, L_0x55a2afd6e400;  1 drivers
v0x55a2afd477e0_0 .net *"_s151", 2 0, L_0x55a2afd6e5d0;  1 drivers
L_0x7f2e7c9c2068 .functor BUFT 1, C4<011>, C4<0>, C4<0>, C4<0>;
v0x55a2afd478c0_0 .net/2u *"_s152", 2 0, L_0x7f2e7c9c2068;  1 drivers
v0x55a2afd479a0_0 .net *"_s154", 0 0, L_0x55a2afd6e670;  1 drivers
v0x55a2afd47a60_0 .net *"_s156", 31 0, L_0x55a2afd6e8f0;  1 drivers
L_0x7f2e7c9c20b0 .functor BUFT 1, C4<0000000000000000000000000000000>, C4<0>, C4<0>, C4<0>;
v0x55a2afd47b40_0 .net *"_s159", 30 0, L_0x7f2e7c9c20b0;  1 drivers
v0x55a2afd47c20_0 .net *"_s16", 0 0, L_0x55a2afd6b0d0;  1 drivers
L_0x7f2e7c9c20f8 .functor BUFT 1, C4<00000000000000000000000000000000>, C4<0>, C4<0>, C4<0>;
v0x55a2afd47ce0_0 .net/2u *"_s160", 31 0, L_0x7f2e7c9c20f8;  1 drivers
v0x55a2afd47dc0_0 .net *"_s162", 0 0, L_0x55a2afd6e9e0;  1 drivers
v0x55a2afd47e80_0 .net *"_s164", 0 0, L_0x55a2afd6ec70;  1 drivers
v0x55a2afd47f40_0 .net *"_s166", 31 0, L_0x55a2afd6edf0;  1 drivers
L_0x7f2e7c9c2140 .functor BUFT 1, C4<0000000000000000000000000000000>, C4<0>, C4<0>, C4<0>;
v0x55a2afd48020_0 .net *"_s169", 30 0, L_0x7f2e7c9c2140;  1 drivers
L_0x7f2e7c9c2188 .functor BUFT 1, C4<00000000000000000000000000000001>, C4<0>, C4<0>, C4<0>;
v0x55a2afd48100_0 .net/2u *"_s170", 31 0, L_0x7f2e7c9c2188;  1 drivers
v0x55a2afd481e0_0 .net *"_s172", 0 0, L_0x55a2afd6eee0;  1 drivers
v0x55a2afd482a0_0 .net *"_s174", 0 0, L_0x55a2afd6f180;  1 drivers
v0x55a2afd48360_0 .net *"_s177", 0 0, L_0x55a2afd6f290;  1 drivers
v0x55a2afd48440_0 .net *"_s178", 31 0, L_0x55a2afd6f330;  1 drivers
v0x55a2afd48520_0 .net *"_s18", 31 0, L_0x55a2afd6b210;  1 drivers
L_0x7f2e7c9c21d0 .functor BUFT 1, C4<0000000000000000000000000000000>, C4<0>, C4<0>, C4<0>;
v0x55a2afd48600_0 .net *"_s181", 30 0, L_0x7f2e7c9c21d0;  1 drivers
L_0x7f2e7c9c2218 .functor BUFT 1, C4<00000000000000000000000000000000>, C4<0>, C4<0>, C4<0>;
v0x55a2afd486e0_0 .net/2u *"_s182", 31 0, L_0x7f2e7c9c2218;  1 drivers
v0x55a2afd487c0_0 .net *"_s184", 0 0, L_0x55a2afd6f590;  1 drivers
v0x55a2afd48880_0 .net *"_s187", 0 0, L_0x55a2afd6f700;  1 drivers
o0x7f2e7ca0c778 .functor BUFZ 1, C4<z>; HiZ drive
; Elide local net with no drivers, v0x55a2afd48960_0 name=_s188
v0x55a2afd48a40_0 .net *"_s190", 0 0, L_0x55a2afd6f920;  1 drivers
v0x55a2afd48b20_0 .net *"_s192", 0 0, L_0x55a2afd6fa60;  1 drivers
v0x55a2afd48c00_0 .net *"_s197", 2 0, L_0x55a2afd6fd80;  1 drivers
L_0x7f2e7c9c2260 .functor BUFT 1, C4<100>, C4<0>, C4<0>, C4<0>;
v0x55a2afd48ce0_0 .net/2u *"_s198", 2 0, L_0x7f2e7c9c2260;  1 drivers
v0x55a2afd48dc0_0 .net *"_s2", 0 0, L_0x55a2afd6aba0;  1 drivers
v0x55a2afd48ea0_0 .net *"_s200", 0 0, L_0x55a2afd6fe20;  1 drivers
v0x55a2afd48f60_0 .net *"_s202", 31 0, L_0x55a2afd70100;  1 drivers
L_0x7f2e7c9c22a8 .functor BUFT 1, C4<0000000000000000000000000000000>, C4<0>, C4<0>, C4<0>;
v0x55a2afd49040_0 .net *"_s205", 30 0, L_0x7f2e7c9c22a8;  1 drivers
L_0x7f2e7c9c22f0 .functor BUFT 1, C4<00000000000000000000000000000000>, C4<0>, C4<0>, C4<0>;
v0x55a2afd49120_0 .net/2u *"_s206", 31 0, L_0x7f2e7c9c22f0;  1 drivers
v0x55a2afd49200_0 .net *"_s208", 0 0, L_0x55a2afd701f0;  1 drivers
L_0x7f2e7c9c1ac8 .functor BUFT 1, C4<0000000000000000000000000000000>, C4<0>, C4<0>, C4<0>;
v0x55a2afd492c0_0 .net *"_s21", 30 0, L_0x7f2e7c9c1ac8;  1 drivers
v0x55a2afd493a0_0 .net *"_s210", 0 0, L_0x55a2afd70510;  1 drivers
v0x55a2afd49460_0 .net *"_s212", 31 0, L_0x55a2afd706a0;  1 drivers
L_0x7f2e7c9c2338 .functor BUFT 1, C4<0000000000000000000000000000000>, C4<0>, C4<0>, C4<0>;
v0x55a2afd49540_0 .net *"_s215", 30 0, L_0x7f2e7c9c2338;  1 drivers
L_0x7f2e7c9c2380 .functor BUFT 1, C4<00000000000000000000000000000001>, C4<0>, C4<0>, C4<0>;
v0x55a2afd49620_0 .net/2u *"_s216", 31 0, L_0x7f2e7c9c2380;  1 drivers
v0x55a2afd49700_0 .net *"_s218", 0 0, L_0x55a2afd70790;  1 drivers
L_0x7f2e7c9c1b10 .functor BUFT 1, C4<00000000000000000000000000000000>, C4<0>, C4<0>, C4<0>;
v0x55a2afd49bd0_0 .net/2u *"_s22", 31 0, L_0x7f2e7c9c1b10;  1 drivers
v0x55a2afd49cb0_0 .net *"_s220", 0 0, L_0x55a2afd6ed80;  1 drivers
v0x55a2afd49d70_0 .net *"_s223", 0 0, L_0x55a2afd70b30;  1 drivers
v0x55a2afd49e50_0 .net *"_s224", 31 0, L_0x55a2afd70bd0;  1 drivers
L_0x7f2e7c9c23c8 .functor BUFT 1, C4<0000000000000000000000000000000>, C4<0>, C4<0>, C4<0>;
v0x55a2afd49f30_0 .net *"_s227", 30 0, L_0x7f2e7c9c23c8;  1 drivers
L_0x7f2e7c9c2410 .functor BUFT 1, C4<00000000000000000000000000000000>, C4<0>, C4<0>, C4<0>;
v0x55a2afd4a010_0 .net/2u *"_s228", 31 0, L_0x7f2e7c9c2410;  1 drivers
v0x55a2afd4a0f0_0 .net *"_s230", 0 0, L_0x55a2afd70e90;  1 drivers
v0x55a2afd4a1b0_0 .net *"_s233", 0 0, L_0x55a2afd71000;  1 drivers
o0x7f2e7ca0cc28 .functor BUFZ 1, C4<z>; HiZ drive
; Elide local net with no drivers, v0x55a2afd4a290_0 name=_s234
v0x55a2afd4a370_0 .net *"_s236", 0 0, L_0x55a2afd71280;  1 drivers
v0x55a2afd4a450_0 .net *"_s238", 0 0, L_0x55a2afd713c0;  1 drivers
v0x55a2afd4a530_0 .net *"_s24", 0 0, L_0x55a2afd6b300;  1 drivers
v0x55a2afd4a5f0_0 .net *"_s243", 2 0, L_0x55a2afd71740;  1 drivers
L_0x7f2e7c9c2458 .functor BUFT 1, C4<101>, C4<0>, C4<0>, C4<0>;
v0x55a2afd4a6d0_0 .net/2u *"_s244", 2 0, L_0x7f2e7c9c2458;  1 drivers
v0x55a2afd4a7b0_0 .net *"_s246", 0 0, L_0x55a2afd717e0;  1 drivers
v0x55a2afd4a870_0 .net *"_s248", 31 0, L_0x55a2afd71b20;  1 drivers
L_0x7f2e7c9c24a0 .functor BUFT 1, C4<0000000000000000000000000000000>, C4<0>, C4<0>, C4<0>;
v0x55a2afd4a950_0 .net *"_s251", 30 0, L_0x7f2e7c9c24a0;  1 drivers
L_0x7f2e7c9c24e8 .functor BUFT 1, C4<00000000000000000000000000000000>, C4<0>, C4<0>, C4<0>;
v0x55a2afd4aa30_0 .net/2u *"_s252", 31 0, L_0x7f2e7c9c24e8;  1 drivers
v0x55a2afd4ab10_0 .net *"_s254", 0 0, L_0x55a2afd71c10;  1 drivers
v0x55a2afd4abd0_0 .net *"_s256", 0 0, L_0x55a2afd71f90;  1 drivers
v0x55a2afd4ac90_0 .net *"_s258", 31 0, L_0x55a2afd72130;  1 drivers
v0x55a2afd4ad70_0 .net *"_s26", 0 0, L_0x55a2afd6b440;  1 drivers
L_0x7f2e7c9c2530 .functor BUFT 1, C4<0000000000000000000000000000000>, C4<0>, C4<0>, C4<0>;
v0x55a2afd4ae30_0 .net *"_s261", 30 0, L_0x7f2e7c9c2530;  1 drivers
L_0x7f2e7c9c2578 .functor BUFT 1, C4<00000000000000000000000000000001>, C4<0>, C4<0>, C4<0>;
v0x55a2afd4af10_0 .net/2u *"_s262", 31 0, L_0x7f2e7c9c2578;  1 drivers
v0x55a2afd4aff0_0 .net *"_s264", 0 0, L_0x55a2afd72220;  1 drivers
v0x55a2afd4b0b0_0 .net *"_s266", 0 0, L_0x55a2afd72580;  1 drivers
v0x55a2afd4b170_0 .net *"_s269", 0 0, L_0x55a2afd72690;  1 drivers
v0x55a2afd4b250_0 .net *"_s270", 31 0, L_0x55a2afd72730;  1 drivers
L_0x7f2e7c9c25c0 .functor BUFT 1, C4<0000000000000000000000000000000>, C4<0>, C4<0>, C4<0>;
v0x55a2afd4b330_0 .net *"_s273", 30 0, L_0x7f2e7c9c25c0;  1 drivers
L_0x7f2e7c9c2608 .functor BUFT 1, C4<00000000000000000000000000000000>, C4<0>, C4<0>, C4<0>;
v0x55a2afd4b410_0 .net/2u *"_s274", 31 0, L_0x7f2e7c9c2608;  1 drivers
v0x55a2afd4b4f0_0 .net *"_s276", 0 0, L_0x55a2afd72a50;  1 drivers
v0x55a2afd4b5b0_0 .net *"_s279", 0 0, L_0x55a2afd72bc0;  1 drivers
v0x55a2afd4b690_0 .net *"_s28", 31 0, L_0x55a2afd6b590;  1 drivers
o0x7f2e7ca0d0d8 .functor BUFZ 1, C4<z>; HiZ drive
; Elide local net with no drivers, v0x55a2afd4b770_0 name=_s280
v0x55a2afd4b850_0 .net *"_s282", 0 0, L_0x55a2afd72ea0;  1 drivers
v0x55a2afd4b930_0 .net *"_s284", 0 0, L_0x55a2afd72fe0;  1 drivers
v0x55a2afd4ba10_0 .net *"_s289", 2 0, L_0x55a2afd733c0;  1 drivers
L_0x7f2e7c9c2650 .functor BUFT 1, C4<110>, C4<0>, C4<0>, C4<0>;
v0x55a2afd4baf0_0 .net/2u *"_s290", 2 0, L_0x7f2e7c9c2650;  1 drivers
v0x55a2afd4bbd0_0 .net *"_s292", 0 0, L_0x55a2afd73460;  1 drivers
v0x55a2afd4bc90_0 .net *"_s294", 31 0, L_0x55a2afd73800;  1 drivers
L_0x7f2e7c9c2698 .functor BUFT 1, C4<0000000000000000000000000000000>, C4<0>, C4<0>, C4<0>;
v0x55a2afd4bd70_0 .net *"_s297", 30 0, L_0x7f2e7c9c2698;  1 drivers
L_0x7f2e7c9c26e0 .functor BUFT 1, C4<00000000000000000000000000000000>, C4<0>, C4<0>, C4<0>;
v0x55a2afd4be50_0 .net/2u *"_s298", 31 0, L_0x7f2e7c9c26e0;  1 drivers
v0x55a2afd4bf30_0 .net *"_s300", 0 0, L_0x55a2afd738f0;  1 drivers
v0x55a2afd4bff0_0 .net *"_s302", 0 0, L_0x55a2afd73cd0;  1 drivers
v0x55a2afd4c0b0_0 .net *"_s304", 31 0, L_0x55a2afd73e80;  1 drivers
L_0x7f2e7c9c2728 .functor BUFT 1, C4<0000000000000000000000000000000>, C4<0>, C4<0>, C4<0>;
v0x55a2afd4c190_0 .net *"_s307", 30 0, L_0x7f2e7c9c2728;  1 drivers
L_0x7f2e7c9c2770 .functor BUFT 1, C4<00000000000000000000000000000001>, C4<0>, C4<0>, C4<0>;
v0x55a2afd4c270_0 .net/2u *"_s308", 31 0, L_0x7f2e7c9c2770;  1 drivers
L_0x7f2e7c9c1b58 .functor BUFT 1, C4<0000000000000000000000000000000>, C4<0>, C4<0>, C4<0>;
v0x55a2afd4c350_0 .net *"_s31", 30 0, L_0x7f2e7c9c1b58;  1 drivers
v0x55a2afd4c430_0 .net *"_s310", 0 0, L_0x55a2afd73f70;  1 drivers
v0x55a2afd4c4f0_0 .net *"_s312", 0 0, L_0x55a2afd74330;  1 drivers
v0x55a2afd4c5b0_0 .net *"_s315", 0 0, L_0x55a2afd74440;  1 drivers
v0x55a2afd4c690_0 .net *"_s316", 31 0, L_0x55a2afd748f0;  1 drivers
L_0x7f2e7c9c27b8 .functor BUFT 1, C4<0000000000000000000000000000000>, C4<0>, C4<0>, C4<0>;
v0x55a2afd4c770_0 .net *"_s319", 30 0, L_0x7f2e7c9c27b8;  1 drivers
L_0x7f2e7c9c1ba0 .functor BUFT 1, C4<00000000000000000000000000000001>, C4<0>, C4<0>, C4<0>;
v0x55a2afd4c850_0 .net/2u *"_s32", 31 0, L_0x7f2e7c9c1ba0;  1 drivers
L_0x7f2e7c9c2800 .functor BUFT 1, C4<00000000000000000000000000000000>, C4<0>, C4<0>, C4<0>;
v0x55a2afd4c930_0 .net/2u *"_s320", 31 0, L_0x7f2e7c9c2800;  1 drivers
v0x55a2afd4ca10_0 .net *"_s322", 0 0, L_0x55a2afd74c70;  1 drivers
v0x55a2afd4cad0_0 .net *"_s325", 0 0, L_0x55a2afd74de0;  1 drivers
o0x7f2e7ca0d558 .functor BUFZ 1, C4<z>; HiZ drive
; Elide local net with no drivers, v0x55a2afd4cbb0_0 name=_s326
v0x55a2afd4cc90_0 .net *"_s328", 0 0, L_0x55a2afd75120;  1 drivers
v0x55a2afd4cd70_0 .net *"_s330", 0 0, L_0x55a2afd75260;  1 drivers
v0x55a2afd4ce50_0 .net *"_s336", 2 0, L_0x55a2afd759c0;  1 drivers
L_0x7f2e7c9c2848 .functor BUFT 1, C4<111>, C4<0>, C4<0>, C4<0>;
v0x55a2afd4cf30_0 .net/2u *"_s337", 2 0, L_0x7f2e7c9c2848;  1 drivers
v0x55a2afd4d010_0 .net *"_s339", 0 0, L_0x55a2afd75d20;  1 drivers
v0x55a2afd4d0d0_0 .net *"_s34", 0 0, L_0x55a2afd6b680;  1 drivers
v0x55a2afd4d9a0_0 .net *"_s341", 31 0, L_0x55a2afd75e60;  1 drivers
L_0x7f2e7c9c2890 .functor BUFT 1, C4<0000000000000000000000000000000>, C4<0>, C4<0>, C4<0>;
v0x55a2afd4da80_0 .net *"_s344", 30 0, L_0x7f2e7c9c2890;  1 drivers
L_0x7f2e7c9c28d8 .functor BUFT 1, C4<00000000000000000000000000000000>, C4<0>, C4<0>, C4<0>;
v0x55a2afd4db60_0 .net/2u *"_s345", 31 0, L_0x7f2e7c9c28d8;  1 drivers
v0x55a2afd4dc40_0 .net *"_s347", 0 0, L_0x55a2afd76220;  1 drivers
v0x55a2afd4dd00_0 .net *"_s349", 0 0, L_0x55a2afd76360;  1 drivers
v0x55a2afd4ddc0_0 .net *"_s351", 31 0, L_0x55a2afd73de0;  1 drivers
L_0x7f2e7c9c2920 .functor BUFT 1, C4<0000000000000000000000000000000>, C4<0>, C4<0>, C4<0>;
v0x55a2afd4dea0_0 .net *"_s354", 30 0, L_0x7f2e7c9c2920;  1 drivers
L_0x7f2e7c9c2968 .functor BUFT 1, C4<00000000000000000000000000000001>, C4<0>, C4<0>, C4<0>;
v0x55a2afd4df80_0 .net/2u *"_s355", 31 0, L_0x7f2e7c9c2968;  1 drivers
v0x55a2afd4e060_0 .net *"_s357", 0 0, L_0x55a2afd76850;  1 drivers
v0x55a2afd4e120_0 .net *"_s359", 0 0, L_0x55a2afd76990;  1 drivers
v0x55a2afd4e1e0_0 .net *"_s36", 0 0, L_0x55a2afd6b800;  1 drivers
v0x55a2afd4e2a0_0 .net *"_s362", 0 0, L_0x55a2afd76aa0;  1 drivers
v0x55a2afd4e380_0 .net *"_s363", 31 0, L_0x55a2afd76e30;  1 drivers
L_0x7f2e7c9c29b0 .functor BUFT 1, C4<0000000000000000000000000000000>, C4<0>, C4<0>, C4<0>;
v0x55a2afd4e460_0 .net *"_s366", 30 0, L_0x7f2e7c9c29b0;  1 drivers
L_0x7f2e7c9c29f8 .functor BUFT 1, C4<00000000000000000000000000000000>, C4<0>, C4<0>, C4<0>;
v0x55a2afd4e540_0 .net/2u *"_s367", 31 0, L_0x7f2e7c9c29f8;  1 drivers
v0x55a2afd4e620_0 .net *"_s369", 0 0, L_0x55a2afd76f20;  1 drivers
v0x55a2afd4e6e0_0 .net *"_s372", 0 0, L_0x55a2afd77360;  1 drivers
o0x7f2e7ca0d9d8 .functor BUFZ 1, C4<z>; HiZ drive
; Elide local net with no drivers, v0x55a2afd4e7c0_0 name=_s373
v0x55a2afd4e8a0_0 .net *"_s375", 0 0, L_0x55a2afd77400;  1 drivers
v0x55a2afd4e980_0 .net *"_s377", 0 0, L_0x55a2afd77850;  1 drivers
v0x55a2afd4ea60_0 .net *"_s39", 0 0, L_0x55a2afd6b910;  1 drivers
v0x55a2afd4eb40_0 .net *"_s40", 31 0, L_0x55a2afd6b9b0;  1 drivers
L_0x7f2e7c9c1be8 .functor BUFT 1, C4<0000000000000000000000000000000>, C4<0>, C4<0>, C4<0>;
v0x55a2afd4ec20_0 .net *"_s43", 30 0, L_0x7f2e7c9c1be8;  1 drivers
L_0x7f2e7c9c1c30 .functor BUFT 1, C4<00000000000000000000000000000000>, C4<0>, C4<0>, C4<0>;
v0x55a2afd4ed00_0 .net/2u *"_s44", 31 0, L_0x7f2e7c9c1c30;  1 drivers
v0x55a2afd4ede0_0 .net *"_s46", 0 0, L_0x55a2afd6baa0;  1 drivers
v0x55a2afd4eea0_0 .net *"_s49", 0 0, L_0x55a2afd6bbe0;  1 drivers
o0x7f2e7ca0db88 .functor BUFZ 1, C4<z>; HiZ drive
; Elide local net with no drivers, v0x55a2afd4ef80_0 name=_s50
v0x55a2afd4f060_0 .net *"_s52", 0 0, L_0x55a2afd6bce0;  1 drivers
v0x55a2afd4f140_0 .net *"_s54", 0 0, L_0x55a2afd6bdd0;  1 drivers
v0x55a2afd4f220_0 .net *"_s59", 2 0, L_0x55a2afd6bfd0;  1 drivers
v0x55a2afd4f300_0 .net *"_s6", 0 0, L_0x55a2afd6ac80;  1 drivers
L_0x7f2e7c9c1c78 .functor BUFT 1, C4<001>, C4<0>, C4<0>, C4<0>;
v0x55a2afd4f3e0_0 .net/2u *"_s60", 2 0, L_0x7f2e7c9c1c78;  1 drivers
v0x55a2afd4f4c0_0 .net *"_s62", 0 0, L_0x55a2afd6c070;  1 drivers
v0x55a2afd4f580_0 .net *"_s64", 31 0, L_0x55a2afd6c230;  1 drivers
L_0x7f2e7c9c1cc0 .functor BUFT 1, C4<0000000000000000000000000000000>, C4<0>, C4<0>, C4<0>;
v0x55a2afd4f660_0 .net *"_s67", 30 0, L_0x7f2e7c9c1cc0;  1 drivers
L_0x7f2e7c9c1d08 .functor BUFT 1, C4<00000000000000000000000000000000>, C4<0>, C4<0>, C4<0>;
v0x55a2afd4f740_0 .net/2u *"_s68", 31 0, L_0x7f2e7c9c1d08;  1 drivers
v0x55a2afd4f820_0 .net *"_s70", 0 0, L_0x55a2afd6c320;  1 drivers
v0x55a2afd4f8e0_0 .net *"_s72", 0 0, L_0x55a2afd6be70;  1 drivers
v0x55a2afd4f9a0_0 .net *"_s74", 31 0, L_0x55a2afd6c5e0;  1 drivers
L_0x7f2e7c9c1d50 .functor BUFT 1, C4<0000000000000000000000000000000>, C4<0>, C4<0>, C4<0>;
v0x55a2afd4fa80_0 .net *"_s77", 30 0, L_0x7f2e7c9c1d50;  1 drivers
L_0x7f2e7c9c1d98 .functor BUFT 1, C4<00000000000000000000000000000001>, C4<0>, C4<0>, C4<0>;
v0x55a2afd4fb60_0 .net/2u *"_s78", 31 0, L_0x7f2e7c9c1d98;  1 drivers
v0x55a2afd4fc40_0 .net *"_s80", 0 0, L_0x55a2afd6c710;  1 drivers
v0x55a2afd4fd00_0 .net *"_s82", 0 0, L_0x55a2afd6c8f0;  1 drivers
v0x55a2afd4fdc0_0 .net *"_s85", 0 0, L_0x55a2afd6ca00;  1 drivers
v0x55a2afd4fea0_0 .net *"_s86", 31 0, L_0x55a2afd6caa0;  1 drivers
L_0x7f2e7c9c1de0 .functor BUFT 1, C4<0000000000000000000000000000000>, C4<0>, C4<0>, C4<0>;
v0x55a2afd4ff80_0 .net *"_s89", 30 0, L_0x7f2e7c9c1de0;  1 drivers
L_0x7f2e7c9c1e28 .functor BUFT 1, C4<00000000000000000000000000000000>, C4<0>, C4<0>, C4<0>;
v0x55a2afd50060_0 .net/2u *"_s90", 31 0, L_0x7f2e7c9c1e28;  1 drivers
v0x55a2afd50140_0 .net *"_s92", 0 0, L_0x55a2afd6c850;  1 drivers
v0x55a2afd50200_0 .net *"_s95", 0 0, L_0x55a2afd6cce0;  1 drivers
o0x7f2e7ca0dfd8 .functor BUFZ 1, C4<z>; HiZ drive
; Elide local net with no drivers, v0x55a2afd502e0_0 name=_s96
v0x55a2afd503c0_0 .net *"_s98", 0 0, L_0x55a2afd6ce40;  1 drivers
v0x55a2afd504a0_0 .net8 "databus", 7 0, RS_0x7f2e7ca0a078;  alias, 4 drivers
v0x55a2afd50560_0 .net "en1", 0 0, L_0x55a2afd6ac10;  1 drivers
v0x55a2afd50600_0 .net "en2", 0 0, L_0x55a2afd6ad90;  1 drivers
v0x55a2afd506d0_0 .net "enable", 0 0, L_0x55a2afd77b40;  1 drivers
v0x55a2afd50770_0 .net "ic_mode", 0 0, L_0x55a2afd77be0;  1 drivers
v0x55a2afd50810_0 .net "mode", 0 0, L_0x55a2afd77a30;  1 drivers
v0x55a2afd508d0_0 .net8 "port", 7 0, RS_0x7f2e7ca0bcc8;  alias, 3 drivers
L_0x55a2afd6b030 .part RS_0x7f2e7ca0a078, 1, 3;
L_0x55a2afd6b0d0 .cmp/eq 3, L_0x55a2afd6b030, L_0x7f2e7c9c1a80;
L_0x55a2afd6b210 .concat [ 1 31 0 0], L_0x55a2afd77be0, L_0x7f2e7c9c1ac8;
L_0x55a2afd6b300 .cmp/eq 32, L_0x55a2afd6b210, L_0x7f2e7c9c1b10;
L_0x55a2afd6b590 .concat [ 1 31 0 0], L_0x55a2afd54f40, L_0x7f2e7c9c1b58;
L_0x55a2afd6b680 .cmp/eq 32, L_0x55a2afd6b590, L_0x7f2e7c9c1ba0;
L_0x55a2afd6b910 .part RS_0x7f2e7ca0a078, 0, 1;
L_0x55a2afd6b9b0 .concat [ 1 31 0 0], L_0x55a2afd77be0, L_0x7f2e7c9c1be8;
L_0x55a2afd6baa0 .cmp/eq 32, L_0x55a2afd6b9b0, L_0x7f2e7c9c1c30;
L_0x55a2afd6bbe0 .part RS_0x7f2e7ca0bcc8, 0, 1;
L_0x55a2afd6bce0 .functor MUXZ 1, o0x7f2e7ca0db88, L_0x55a2afd6bbe0, L_0x55a2afd6baa0, C4<>;
L_0x55a2afd6bdd0 .functor MUXZ 1, L_0x55a2afd6bce0, L_0x55a2afd6b910, L_0x55a2afd6b800, C4<>;
L_0x55a2afd6bfd0 .part RS_0x7f2e7ca0a078, 1, 3;
L_0x55a2afd6c070 .cmp/eq 3, L_0x55a2afd6bfd0, L_0x7f2e7c9c1c78;
L_0x55a2afd6c230 .concat [ 1 31 0 0], L_0x55a2afd77be0, L_0x7f2e7c9c1cc0;
L_0x55a2afd6c320 .cmp/eq 32, L_0x55a2afd6c230, L_0x7f2e7c9c1d08;
L_0x55a2afd6c5e0 .concat [ 1 31 0 0], L_0x55a2afd54f40, L_0x7f2e7c9c1d50;
L_0x55a2afd6c710 .cmp/eq 32, L_0x55a2afd6c5e0, L_0x7f2e7c9c1d98;
L_0x55a2afd6ca00 .part RS_0x7f2e7ca0a078, 0, 1;
L_0x55a2afd6caa0 .concat [ 1 31 0 0], L_0x55a2afd77be0, L_0x7f2e7c9c1de0;
L_0x55a2afd6c850 .cmp/eq 32, L_0x55a2afd6caa0, L_0x7f2e7c9c1e28;
L_0x55a2afd6cce0 .part RS_0x7f2e7ca0bcc8, 1, 1;
L_0x55a2afd6ce40 .functor MUXZ 1, o0x7f2e7ca0dfd8, L_0x55a2afd6cce0, L_0x55a2afd6c850, C4<>;
L_0x55a2afd6cf80 .functor MUXZ 1, L_0x55a2afd6ce40, L_0x55a2afd6ca00, L_0x55a2afd6c8f0, C4<>;
L_0x55a2afd6d1e0 .part RS_0x7f2e7ca0a078, 1, 3;
L_0x55a2afd6d280 .cmp/eq 3, L_0x55a2afd6d1e0, L_0x7f2e7c9c1e70;
L_0x55a2afd6d4a0 .concat [ 1 31 0 0], L_0x55a2afd77be0, L_0x7f2e7c9c1eb8;
L_0x55a2afd6d590 .cmp/eq 32, L_0x55a2afd6d4a0, L_0x7f2e7c9c1f00;
L_0x55a2afd6d930 .concat [ 1 31 0 0], L_0x55a2afd54f40, L_0x7f2e7c9c1f48;
L_0x55a2afd6d9d0 .cmp/eq 32, L_0x55a2afd6d930, L_0x7f2e7c9c1f90;
L_0x55a2afd6dd20 .part RS_0x7f2e7ca0a078, 0, 1;
L_0x55a2afd6ddc0 .concat [ 1 31 0 0], L_0x55a2afd77be0, L_0x7f2e7c9c1fd8;
L_0x55a2afd6dfc0 .cmp/eq 32, L_0x55a2afd6ddc0, L_0x7f2e7c9c2020;
L_0x55a2afd6e100 .part RS_0x7f2e7ca0bcc8, 2, 1;
L_0x55a2afd6e2c0 .functor MUXZ 1, o0x7f2e7ca0c2f8, L_0x55a2afd6e100, L_0x55a2afd6dfc0, C4<>;
L_0x55a2afd6e400 .functor MUXZ 1, L_0x55a2afd6e2c0, L_0x55a2afd6dd20, L_0x55a2afd6dc10, C4<>;
L_0x55a2afd6e5d0 .part RS_0x7f2e7ca0a078, 1, 3;
L_0x55a2afd6e670 .cmp/eq 3, L_0x55a2afd6e5d0, L_0x7f2e7c9c2068;
L_0x55a2afd6e8f0 .concat [ 1 31 0 0], L_0x55a2afd77be0, L_0x7f2e7c9c20b0;
L_0x55a2afd6e9e0 .cmp/eq 32, L_0x55a2afd6e8f0, L_0x7f2e7c9c20f8;
L_0x55a2afd6edf0 .concat [ 1 31 0 0], L_0x55a2afd54f40, L_0x7f2e7c9c2140;
L_0x55a2afd6eee0 .cmp/eq 32, L_0x55a2afd6edf0, L_0x7f2e7c9c2188;
L_0x55a2afd6f290 .part RS_0x7f2e7ca0a078, 0, 1;
L_0x55a2afd6f330 .concat [ 1 31 0 0], L_0x55a2afd77be0, L_0x7f2e7c9c21d0;
L_0x55a2afd6f590 .cmp/eq 32, L_0x55a2afd6f330, L_0x7f2e7c9c2218;
L_0x55a2afd6f700 .part RS_0x7f2e7ca0bcc8, 3, 1;
L_0x55a2afd6f920 .functor MUXZ 1, o0x7f2e7ca0c778, L_0x55a2afd6f700, L_0x55a2afd6f590, C4<>;
L_0x55a2afd6fa60 .functor MUXZ 1, L_0x55a2afd6f920, L_0x55a2afd6f290, L_0x55a2afd6f180, C4<>;
L_0x55a2afd6fd80 .part RS_0x7f2e7ca0a078, 1, 3;
L_0x55a2afd6fe20 .cmp/eq 3, L_0x55a2afd6fd80, L_0x7f2e7c9c2260;
L_0x55a2afd70100 .concat [ 1 31 0 0], L_0x55a2afd77be0, L_0x7f2e7c9c22a8;
L_0x55a2afd701f0 .cmp/eq 32, L_0x55a2afd70100, L_0x7f2e7c9c22f0;
L_0x55a2afd706a0 .concat [ 1 31 0 0], L_0x55a2afd54f40, L_0x7f2e7c9c2338;
L_0x55a2afd70790 .cmp/eq 32, L_0x55a2afd706a0, L_0x7f2e7c9c2380;
L_0x55a2afd70b30 .part RS_0x7f2e7ca0a078, 0, 1;
L_0x55a2afd70bd0 .concat [ 1 31 0 0], L_0x55a2afd77be0, L_0x7f2e7c9c23c8;
L_0x55a2afd70e90 .cmp/eq 32, L_0x55a2afd70bd0, L_0x7f2e7c9c2410;
L_0x55a2afd71000 .part RS_0x7f2e7ca0bcc8, 4, 1;
L_0x55a2afd71280 .functor MUXZ 1, o0x7f2e7ca0cc28, L_0x55a2afd71000, L_0x55a2afd70e90, C4<>;
L_0x55a2afd713c0 .functor MUXZ 1, L_0x55a2afd71280, L_0x55a2afd70b30, L_0x55a2afd6ed80, C4<>;
L_0x55a2afd71740 .part RS_0x7f2e7ca0a078, 1, 3;
L_0x55a2afd717e0 .cmp/eq 3, L_0x55a2afd71740, L_0x7f2e7c9c2458;
L_0x55a2afd71b20 .concat [ 1 31 0 0], L_0x55a2afd77be0, L_0x7f2e7c9c24a0;
L_0x55a2afd71c10 .cmp/eq 32, L_0x55a2afd71b20, L_0x7f2e7c9c24e8;
L_0x55a2afd72130 .concat [ 1 31 0 0], L_0x55a2afd54f40, L_0x7f2e7c9c2530;
L_0x55a2afd72220 .cmp/eq 32, L_0x55a2afd72130, L_0x7f2e7c9c2578;
L_0x55a2afd72690 .part RS_0x7f2e7ca0a078, 0, 1;
L_0x55a2afd72730 .concat [ 1 31 0 0], L_0x55a2afd77be0, L_0x7f2e7c9c25c0;
L_0x55a2afd72a50 .cmp/eq 32, L_0x55a2afd72730, L_0x7f2e7c9c2608;
L_0x55a2afd72bc0 .part RS_0x7f2e7ca0bcc8, 5, 1;
L_0x55a2afd72ea0 .functor MUXZ 1, o0x7f2e7ca0d0d8, L_0x55a2afd72bc0, L_0x55a2afd72a50, C4<>;
L_0x55a2afd72fe0 .functor MUXZ 1, L_0x55a2afd72ea0, L_0x55a2afd72690, L_0x55a2afd72580, C4<>;
L_0x55a2afd733c0 .part RS_0x7f2e7ca0a078, 1, 3;
L_0x55a2afd73460 .cmp/eq 3, L_0x55a2afd733c0, L_0x7f2e7c9c2650;
L_0x55a2afd73800 .concat [ 1 31 0 0], L_0x55a2afd77be0, L_0x7f2e7c9c2698;
L_0x55a2afd738f0 .cmp/eq 32, L_0x55a2afd73800, L_0x7f2e7c9c26e0;
L_0x55a2afd73e80 .concat [ 1 31 0 0], L_0x55a2afd54f40, L_0x7f2e7c9c2728;
L_0x55a2afd73f70 .cmp/eq 32, L_0x55a2afd73e80, L_0x7f2e7c9c2770;
L_0x55a2afd74440 .part RS_0x7f2e7ca0a078, 0, 1;
L_0x55a2afd748f0 .concat [ 1 31 0 0], L_0x55a2afd77be0, L_0x7f2e7c9c27b8;
L_0x55a2afd74c70 .cmp/eq 32, L_0x55a2afd748f0, L_0x7f2e7c9c2800;
L_0x55a2afd74de0 .part RS_0x7f2e7ca0bcc8, 6, 1;
L_0x55a2afd75120 .functor MUXZ 1, o0x7f2e7ca0d558, L_0x55a2afd74de0, L_0x55a2afd74c70, C4<>;
L_0x55a2afd75260 .functor MUXZ 1, L_0x55a2afd75120, L_0x55a2afd74440, L_0x55a2afd74330, C4<>;
LS_0x55a2afd756a0_0_0 .concat8 [ 1 1 1 1], L_0x55a2afd6bdd0, L_0x55a2afd6cf80, L_0x55a2afd6e400, L_0x55a2afd6fa60;
LS_0x55a2afd756a0_0_4 .concat8 [ 1 1 1 1], L_0x55a2afd713c0, L_0x55a2afd72fe0, L_0x55a2afd75260, L_0x55a2afd77850;
L_0x55a2afd756a0 .concat8 [ 4 4 0 0], LS_0x55a2afd756a0_0_0, LS_0x55a2afd756a0_0_4;
L_0x55a2afd759c0 .part RS_0x7f2e7ca0a078, 1, 3;
L_0x55a2afd75d20 .cmp/eq 3, L_0x55a2afd759c0, L_0x7f2e7c9c2848;
L_0x55a2afd75e60 .concat [ 1 31 0 0], L_0x55a2afd77be0, L_0x7f2e7c9c2890;
L_0x55a2afd76220 .cmp/eq 32, L_0x55a2afd75e60, L_0x7f2e7c9c28d8;
L_0x55a2afd73de0 .concat [ 1 31 0 0], L_0x55a2afd54f40, L_0x7f2e7c9c2920;
L_0x55a2afd76850 .cmp/eq 32, L_0x55a2afd73de0, L_0x7f2e7c9c2968;
L_0x55a2afd76aa0 .part RS_0x7f2e7ca0a078, 0, 1;
L_0x55a2afd76e30 .concat [ 1 31 0 0], L_0x55a2afd77be0, L_0x7f2e7c9c29b0;
L_0x55a2afd76f20 .cmp/eq 32, L_0x55a2afd76e30, L_0x7f2e7c9c29f8;
L_0x55a2afd77360 .part RS_0x7f2e7ca0bcc8, 7, 1;
L_0x55a2afd77400 .functor MUXZ 1, o0x7f2e7ca0d9d8, L_0x55a2afd77360, L_0x55a2afd76f20, C4<>;
L_0x55a2afd77850 .functor MUXZ 1, L_0x55a2afd77400, L_0x55a2afd76aa0, L_0x55a2afd76990, C4<>;
S_0x55a2afd454d0 .scope module, "t1" "Tri_State_Buffer" 2 118, 2 83 0, S_0x55a2afd45260;
 .timescale 0 0;
    .port_info 0 /INPUT 8 "in"
    .port_info 1 /OUTPUT 8 "out"
    .port_info 2 /INPUT 1 "enable"
o0x7f2e7ca0bc68 .functor BUFZ 8, C4<zzzzzzzz>; HiZ drive
; Elide local net with no drivers, v0x55a2afd45730_0 name=_s0
v0x55a2afd45830_0 .net "enable", 0 0, L_0x55a2afd6ad90;  alias, 1 drivers
v0x55a2afd458f0_0 .net8 "in", 7 0, RS_0x7f2e7ca0a078;  alias, 4 drivers
v0x55a2afd45990_0 .net8 "out", 7 0, RS_0x7f2e7ca0bcc8;  alias, 3 drivers
L_0x55a2afd6af90 .functor MUXZ 8, o0x7f2e7ca0bc68, RS_0x7f2e7ca0a078, L_0x55a2afd6ad90, C4<>;
S_0x55a2afd45af0 .scope module, "t2" "Tri_State_Buffer" 2 117, 2 83 0, S_0x55a2afd45260;
 .timescale 0 0;
    .port_info 0 /INPUT 8 "in"
    .port_info 1 /OUTPUT 8 "out"
    .port_info 2 /INPUT 1 "enable"
o0x7f2e7ca0bd88 .functor BUFZ 8, C4<zzzzzzzz>; HiZ drive
; Elide local net with no drivers, v0x55a2afd45d10_0 name=_s0
v0x55a2afd45e10_0 .net "enable", 0 0, L_0x55a2afd6ac10;  alias, 1 drivers
v0x55a2afd45ed0_0 .net8 "in", 7 0, RS_0x7f2e7ca0bcc8;  alias, 3 drivers
v0x55a2afd45fa0_0 .net8 "out", 7 0, RS_0x7f2e7ca0a078;  alias, 4 drivers
L_0x55a2afd6aef0 .functor MUXZ 8, o0x7f2e7ca0bd88, RS_0x7f2e7ca0bcc8, L_0x55a2afd6ac10, C4<>;
S_0x55a2afd50a50 .scope module, "portD" "port8" 2 157, 2 92 0, S_0x55a2afcc2eb0;
 .timescale 0 0;
    .port_info 0 /INOUT 8 "port"
    .port_info 1 /INOUT 8 "databus"
    .port_info 2 /INPUT 1 "mode"
    .port_info 3 /INPUT 1 "enable"
L_0x55a2afd77ad0 .functor NOT 1, L_0x55a2afd54960, C4<0>, C4<0>, C4<0>;
L_0x55a2afd77d00 .functor AND 1, L_0x55a2afd78060, L_0x55a2afd77ad0, C4<1>, C4<1>;
L_0x55a2afd77e10 .functor AND 1, L_0x55a2afd78060, L_0x55a2afd54960, C4<1>, C4<1>;
v0x55a2afd51870_0 .net *"_s0", 0 0, L_0x55a2afd77ad0;  1 drivers
v0x55a2afd51950_0 .net8 "databus", 7 0, RS_0x7f2e7ca0a078;  alias, 4 drivers
v0x55a2afd51a10_0 .net "en1", 0 0, L_0x55a2afd77d00;  1 drivers
v0x55a2afd51b10_0 .net "en2", 0 0, L_0x55a2afd77e10;  1 drivers
v0x55a2afd51be0_0 .net "enable", 0 0, L_0x55a2afd78060;  1 drivers
v0x55a2afd51cd0_0 .net "mode", 0 0, L_0x55a2afd54960;  alias, 1 drivers
v0x55a2afd51d70_0 .net8 "port", 7 0, RS_0x7f2e7ca0e248;  alias, 2 drivers
S_0x55a2afd50c20 .scope module, "t1" "Tri_State_Buffer" 2 101, 2 83 0, S_0x55a2afd50a50;
 .timescale 0 0;
    .port_info 0 /INPUT 8 "in"
    .port_info 1 /OUTPUT 8 "out"
    .port_info 2 /INPUT 1 "enable"
o0x7f2e7ca0e1e8 .functor BUFZ 8, C4<zzzzzzzz>; HiZ drive
; Elide local net with no drivers, v0x55a2afd50e80_0 name=_s0
v0x55a2afd50f80_0 .net "enable", 0 0, L_0x55a2afd77e10;  alias, 1 drivers
v0x55a2afd51040_0 .net8 "in", 7 0, RS_0x7f2e7ca0a078;  alias, 4 drivers
v0x55a2afd51110_0 .net8 "out", 7 0, RS_0x7f2e7ca0e248;  alias, 2 drivers
L_0x55a2afd77fc0 .functor MUXZ 8, o0x7f2e7ca0e1e8, RS_0x7f2e7ca0a078, L_0x55a2afd77e10, C4<>;
S_0x55a2afd51270 .scope module, "t2" "Tri_State_Buffer" 2 100, 2 83 0, S_0x55a2afd50a50;
 .timescale 0 0;
    .port_info 0 /INPUT 8 "in"
    .port_info 1 /OUTPUT 8 "out"
    .port_info 2 /INPUT 1 "enable"
o0x7f2e7ca0e308 .functor BUFZ 8, C4<zzzzzzzz>; HiZ drive
; Elide local net with no drivers, v0x55a2afd51490_0 name=_s0
v0x55a2afd51590_0 .net "enable", 0 0, L_0x55a2afd77d00;  alias, 1 drivers
v0x55a2afd51650_0 .net8 "in", 7 0, RS_0x7f2e7ca0e248;  alias, 2 drivers
v0x55a2afd51750_0 .net8 "out", 7 0, RS_0x7f2e7ca0a078;  alias, 4 drivers
L_0x55a2afd77f20 .functor MUXZ 8, o0x7f2e7ca0e308, RS_0x7f2e7ca0e248, L_0x55a2afd77d00, C4<>;
    .scope S_0x55a2afd3f520;
T_0 ;
    %wait E_0x55a2afc9acb0;
    %load/vec4 v0x55a2afd3f980_0;
    %inv;
    %flag_set/vec4 8;
    %jmp/0xz  T_0.0, 8;
    %load/vec4 v0x55a2afd3f7e0_0;
    %inv;
    %load/vec4 v0x55a2afd3f8c0_0;
    %inv;
    %and;
    %flag_set/vec4 8;
    %jmp/0xz  T_0.2, 8;
    %load/vec4 v0x55a2afd3fa20_0;
    %inv;
    %flag_set/vec4 8;
    %load/vec4 v0x55a2afd3fae0_0;
    %inv;
    %flag_set/vec4 9;
    %flag_or 9, 8;
    %jmp/0xz  T_0.4, 9;
    %pushi/vec4 1, 0, 1;
    %ix/load 4, 0, 0;
    %ix/load 5, 0, 0;
    %flag_set/imm 4, 0;
    %assign/vec4/off/d v0x55a2afd3fcd0_0, 4, 5;
    %pushi/vec4 1, 0, 1;
    %ix/load 4, 3, 0;
    %ix/load 5, 0, 0;
    %flag_set/imm 4, 0;
    %assign/vec4/off/d v0x55a2afd3fcd0_0, 4, 5;
    %pushi/vec4 0, 0, 1;
    %ix/load 4, 1, 0;
    %ix/load 5, 0, 0;
    %flag_set/imm 4, 0;
    %assign/vec4/off/d v0x55a2afd3fcd0_0, 4, 5;
    %pushi/vec4 0, 0, 1;
    %ix/load 4, 2, 0;
    %ix/load 5, 0, 0;
    %flag_set/imm 4, 0;
    %assign/vec4/off/d v0x55a2afd3fcd0_0, 4, 5;
T_0.4 ;
T_0.2 ;
    %load/vec4 v0x55a2afd3f7e0_0;
    %load/vec4 v0x55a2afd3f8c0_0;
    %inv;
    %and;
    %flag_set/vec4 8;
    %jmp/0xz  T_0.6, 8;
    %load/vec4 v0x55a2afd3fa20_0;
    %inv;
    %flag_set/vec4 8;
    %load/vec4 v0x55a2afd3fae0_0;
    %inv;
    %flag_set/vec4 9;
    %flag_or 9, 8;
    %jmp/0xz  T_0.8, 9;
    %pushi/vec4 1, 0, 1;
    %ix/load 4, 1, 0;
    %ix/load 5, 0, 0;
    %flag_set/imm 4, 0;
    %assign/vec4/off/d v0x55a2afd3fcd0_0, 4, 5;
    %pushi/vec4 1, 0, 1;
    %ix/load 4, 3, 0;
    %ix/load 5, 0, 0;
    %flag_set/imm 4, 0;
    %assign/vec4/off/d v0x55a2afd3fcd0_0, 4, 5;
    %pushi/vec4 0, 0, 1;
    %ix/load 4, 0, 0;
    %ix/load 5, 0, 0;
    %flag_set/imm 4, 0;
    %assign/vec4/off/d v0x55a2afd3fcd0_0, 4, 5;
    %pushi/vec4 0, 0, 1;
    %ix/load 4, 2, 0;
    %ix/load 5, 0, 0;
    %flag_set/imm 4, 0;
    %assign/vec4/off/d v0x55a2afd3fcd0_0, 4, 5;
T_0.8 ;
T_0.6 ;
    %load/vec4 v0x55a2afd3f7e0_0;
    %inv;
    %load/vec4 v0x55a2afd3f8c0_0;
    %and;
    %flag_set/vec4 8;
    %jmp/0xz  T_0.10, 8;
    %load/vec4 v0x55a2afd3fa20_0;
    %inv;
    %flag_set/vec4 8;
    %load/vec4 v0x55a2afd3fae0_0;
    %inv;
    %flag_set/vec4 9;
    %flag_or 9, 8;
    %jmp/0xz  T_0.12, 9;
    %pushi/vec4 1, 0, 1;
    %ix/load 4, 2, 0;
    %ix/load 5, 0, 0;
    %flag_set/imm 4, 0;
    %assign/vec4/off/d v0x55a2afd3fcd0_0, 4, 5;
    %pushi/vec4 1, 0, 1;
    %ix/load 4, 3, 0;
    %ix/load 5, 0, 0;
    %flag_set/imm 4, 0;
    %assign/vec4/off/d v0x55a2afd3fcd0_0, 4, 5;
    %pushi/vec4 0, 0, 1;
    %ix/load 4, 0, 0;
    %ix/load 5, 0, 0;
    %flag_set/imm 4, 0;
    %assign/vec4/off/d v0x55a2afd3fcd0_0, 4, 5;
    %pushi/vec4 0, 0, 1;
    %ix/load 4, 1, 0;
    %ix/load 5, 0, 0;
    %flag_set/imm 4, 0;
    %assign/vec4/off/d v0x55a2afd3fcd0_0, 4, 5;
T_0.12 ;
T_0.10 ;
    %load/vec4 v0x55a2afd3f7e0_0;
    %load/vec4 v0x55a2afd3f8c0_0;
    %and;
    %flag_set/vec4 8;
    %jmp/0xz  T_0.14, 8;
    %load/vec4 v0x55a2afd3fa20_0;
    %inv;
    %flag_set/vec4 8;
    %load/vec4 v0x55a2afd3fae0_0;
    %inv;
    %flag_set/vec4 9;
    %flag_or 9, 8;
    %jmp/0xz  T_0.16, 9;
    %load/vec4 v0x55a2afd3fdb0_0;
    %pad/u 32;
    %cmpi/e 0, 0, 32;
    %jmp/0xz  T_0.18, 4;
    %pushi/vec4 1, 0, 1;
    %ix/load 4, 2, 0;
    %ix/load 5, 0, 0;
    %flag_set/imm 4, 0;
    %assign/vec4/off/d v0x55a2afd3fcd0_0, 4, 5;
    %pushi/vec4 1, 0, 1;
    %ix/load 4, 3, 0;
    %ix/load 5, 0, 0;
    %flag_set/imm 4, 0;
    %assign/vec4/off/d v0x55a2afd3fcd0_0, 4, 5;
    %jmp T_0.19;
T_0.18 ;
    %pushi/vec4 1, 0, 1;
    %ix/load 4, 3, 0;
    %ix/load 5, 0, 0;
    %flag_set/imm 4, 0;
    %assign/vec4/off/d v0x55a2afd3fcd0_0, 4, 5;
    %pushi/vec4 0, 0, 1;
    %ix/load 4, 0, 0;
    %ix/load 5, 0, 0;
    %flag_set/imm 4, 0;
    %assign/vec4/off/d v0x55a2afd3fcd0_0, 4, 5;
    %pushi/vec4 0, 0, 1;
    %ix/load 4, 1, 0;
    %ix/load 5, 0, 0;
    %flag_set/imm 4, 0;
    %assign/vec4/off/d v0x55a2afd3fcd0_0, 4, 5;
    %pushi/vec4 0, 0, 1;
    %ix/load 4, 2, 0;
    %ix/load 5, 0, 0;
    %flag_set/imm 4, 0;
    %assign/vec4/off/d v0x55a2afd3fcd0_0, 4, 5;
T_0.19 ;
T_0.16 ;
T_0.14 ;
    %jmp T_0.1;
T_0.0 ;
    %pushi/vec4 0, 0, 4;
    %store/vec4 v0x55a2afd3fcd0_0, 0, 4;
T_0.1 ;
    %jmp T_0;
    .thread T_0, $push;
    .scope S_0x55a2afcc2eb0;
T_1 ;
    %wait E_0x55a2afc9afa0;
    %load/vec4 v0x55a2afd51ee0_0;
    %parti/s 1, 0, 2;
    %load/vec4 v0x55a2afd51ee0_0;
    %parti/s 1, 1, 2;
    %and;
    %flag_set/vec4 8;
    %jmp/0xz  T_1.0, 8;
    %load/vec4 v0x55a2afd522d0_0;
    %assign/vec4 v0x55a2afd52d20_0, 0;
    %jmp T_1.1;
T_1.0 ;
    %load/vec4 v0x55a2afd52d20_0;
    %assign/vec4 v0x55a2afd52d20_0, 0;
T_1.1 ;
    %jmp T_1;
    .thread T_1, $push;
    .scope S_0x55a2afd129b0;
T_2 ;
    %pushi/vec4 1, 0, 1;
    %store/vec4 v0x55a2afd544f0_0, 0, 1;
    %pushi/vec4 1, 0, 1;
    %store/vec4 v0x55a2afd54590_0, 0, 1;
    %pushi/vec4 1, 0, 1;
    %store/vec4 v0x55a2afd546d0_0, 0, 1;
    %pushi/vec4 1, 0, 1;
    %store/vec4 v0x55a2afd54630_0, 0, 1;
    %pushi/vec4 0, 0, 1;
    %ix/load 4, 0, 0;
    %flag_set/imm 4, 0;
    %store/vec4 v0x55a2afd54430_0, 4, 1;
    %pushi/vec4 0, 0, 1;
    %ix/load 4, 1, 0;
    %flag_set/imm 4, 0;
    %store/vec4 v0x55a2afd54430_0, 4, 1;
    %vpi_call 2 188 "$monitor", "rd %b wr %b ||| a0 %b a1 %b |||PD %b PA %b PB %b PC %b", v0x55a2afd54590_0, v0x55a2afd546d0_0, &PV<v0x55a2afd54430_0, 0, 1>, &PV<v0x55a2afd54430_0, 1, 1>, v0x55a2afd53860_0, v0x55a2afd535d0_0, v0x55a2afd536e0_0, v0x55a2afd537a0_0 {0 0 0};
    %vpi_call 2 190 "$display", "********************WRITE*************************" {0 0 0};
    %delay 5, 0;
    %pushi/vec4 0, 0, 1;
    %assign/vec4 v0x55a2afd544f0_0, 0;
    %pushi/vec4 1, 0, 1;
    %ix/load 4, 0, 0;
    %ix/load 5, 0, 0;
    %flag_set/imm 4, 0;
    %assign/vec4/off/d v0x55a2afd54430_0, 4, 5;
    %pushi/vec4 1, 0, 1;
    %ix/load 4, 1, 0;
    %ix/load 5, 0, 0;
    %flag_set/imm 4, 0;
    %assign/vec4/off/d v0x55a2afd54430_0, 4, 5;
    %pushi/vec4 128, 0, 8;
    %assign/vec4 v0x55a2afd534f0_0, 0;
    %pushi/vec4 0, 0, 1;
    %assign/vec4 v0x55a2afd546d0_0, 0;
    %pushi/vec4 1, 0, 1;
    %assign/vec4 v0x55a2afd54590_0, 0;
    %delay 5, 0;
    %pushi/vec4 0, 0, 1;
    %ix/load 4, 0, 0;
    %ix/load 5, 0, 0;
    %flag_set/imm 4, 0;
    %assign/vec4/off/d v0x55a2afd54430_0, 4, 5;
    %pushi/vec4 0, 0, 1;
    %ix/load 4, 1, 0;
    %ix/load 5, 0, 0;
    %flag_set/imm 4, 0;
    %assign/vec4/off/d v0x55a2afd54430_0, 4, 5;
    %pushi/vec4 85, 0, 8;
    %assign/vec4 v0x55a2afd534f0_0, 0;
    %pushi/vec4 0, 0, 1;
    %assign/vec4 v0x55a2afd546d0_0, 0;
    %pushi/vec4 1, 0, 1;
    %assign/vec4 v0x55a2afd54590_0, 0;
    %delay 5, 0;
    %pushi/vec4 1, 0, 1;
    %ix/load 4, 0, 0;
    %ix/load 5, 0, 0;
    %flag_set/imm 4, 0;
    %assign/vec4/off/d v0x55a2afd54430_0, 4, 5;
    %pushi/vec4 0, 0, 1;
    %ix/load 4, 1, 0;
    %ix/load 5, 0, 0;
    %flag_set/imm 4, 0;
    %assign/vec4/off/d v0x55a2afd54430_0, 4, 5;
    %pushi/vec4 153, 0, 8;
    %assign/vec4 v0x55a2afd534f0_0, 0;
    %pushi/vec4 0, 0, 1;
    %assign/vec4 v0x55a2afd546d0_0, 0;
    %pushi/vec4 1, 0, 1;
    %assign/vec4 v0x55a2afd54590_0, 0;
    %delay 5, 0;
    %pushi/vec4 0, 0, 1;
    %ix/load 4, 0, 0;
    %ix/load 5, 0, 0;
    %flag_set/imm 4, 0;
    %assign/vec4/off/d v0x55a2afd54430_0, 4, 5;
    %pushi/vec4 1, 0, 1;
    %ix/load 4, 1, 0;
    %ix/load 5, 0, 0;
    %flag_set/imm 4, 0;
    %assign/vec4/off/d v0x55a2afd54430_0, 4, 5;
    %pushi/vec4 249, 0, 8;
    %assign/vec4 v0x55a2afd534f0_0, 0;
    %pushi/vec4 0, 0, 1;
    %assign/vec4 v0x55a2afd546d0_0, 0;
    %pushi/vec4 1, 0, 1;
    %assign/vec4 v0x55a2afd54590_0, 0;
    %delay 5, 0;
    %vpi_call 2 221 "$display", "********************READ*************************" {0 0 0};
    %delay 5, 0;
    %pushi/vec4 1, 0, 1;
    %ix/load 4, 0, 0;
    %ix/load 5, 0, 0;
    %flag_set/imm 4, 0;
    %assign/vec4/off/d v0x55a2afd54430_0, 4, 5;
    %pushi/vec4 1, 0, 1;
    %ix/load 4, 1, 0;
    %ix/load 5, 0, 0;
    %flag_set/imm 4, 0;
    %assign/vec4/off/d v0x55a2afd54430_0, 4, 5;
    %pushi/vec4 155, 0, 8;
    %assign/vec4 v0x55a2afd534f0_0, 0;
    %pushi/vec4 0, 0, 1;
    %assign/vec4 v0x55a2afd546d0_0, 0;
    %pushi/vec4 1, 0, 1;
    %assign/vec4 v0x55a2afd54590_0, 0;
    %delay 5, 0;
    %pushi/vec4 0, 0, 1;
    %ix/load 4, 0, 0;
    %ix/load 5, 0, 0;
    %flag_set/imm 4, 0;
    %assign/vec4/off/d v0x55a2afd54430_0, 4, 5;
    %pushi/vec4 0, 0, 1;
    %ix/load 4, 1, 0;
    %ix/load 5, 0, 0;
    %flag_set/imm 4, 0;
    %assign/vec4/off/d v0x55a2afd54430_0, 4, 5;
    %pushi/vec4 136, 0, 8;
    %assign/vec4 v0x55a2afd53220_0, 0;
    %pushi/vec4 153, 0, 8;
    %assign/vec4 v0x55a2afd53320_0, 0;
    %pushi/vec4 189, 0, 8;
    %assign/vec4 v0x55a2afd53400_0, 0;
    %pushi/vec4 0, 0, 1;
    %assign/vec4 v0x55a2afd54590_0, 0;
    %pushi/vec4 1, 0, 1;
    %assign/vec4 v0x55a2afd546d0_0, 0;
    %delay 5, 0;
    %pushi/vec4 1, 0, 1;
    %ix/load 4, 0, 0;
    %ix/load 5, 0, 0;
    %flag_set/imm 4, 0;
    %assign/vec4/off/d v0x55a2afd54430_0, 4, 5;
    %pushi/vec4 0, 0, 1;
    %ix/load 4, 1, 0;
    %ix/load 5, 0, 0;
    %flag_set/imm 4, 0;
    %assign/vec4/off/d v0x55a2afd54430_0, 4, 5;
    %pushi/vec4 136, 0, 8;
    %assign/vec4 v0x55a2afd53220_0, 0;
    %pushi/vec4 153, 0, 8;
    %assign/vec4 v0x55a2afd53320_0, 0;
    %pushi/vec4 189, 0, 8;
    %assign/vec4 v0x55a2afd53400_0, 0;
    %pushi/vec4 0, 0, 1;
    %assign/vec4 v0x55a2afd54590_0, 0;
    %pushi/vec4 1, 0, 1;
    %assign/vec4 v0x55a2afd546d0_0, 0;
    %delay 5, 0;
    %pushi/vec4 0, 0, 1;
    %ix/load 4, 0, 0;
    %ix/load 5, 0, 0;
    %flag_set/imm 4, 0;
    %assign/vec4/off/d v0x55a2afd54430_0, 4, 5;
    %pushi/vec4 1, 0, 1;
    %ix/load 4, 1, 0;
    %ix/load 5, 0, 0;
    %flag_set/imm 4, 0;
    %assign/vec4/off/d v0x55a2afd54430_0, 4, 5;
    %pushi/vec4 136, 0, 8;
    %assign/vec4 v0x55a2afd53220_0, 0;
    %pushi/vec4 153, 0, 8;
    %assign/vec4 v0x55a2afd53320_0, 0;
    %pushi/vec4 189, 0, 8;
    %assign/vec4 v0x55a2afd53400_0, 0;
    %pushi/vec4 0, 0, 1;
    %assign/vec4 v0x55a2afd54590_0, 0;
    %pushi/vec4 1, 0, 1;
    %assign/vec4 v0x55a2afd546d0_0, 0;
    %delay 5, 0;
    %vpi_call 2 259 "$display", "**********************BSR***********************" {0 0 0};
    %delay 5, 0;
    %pushi/vec4 0, 0, 1;
    %assign/vec4 v0x55a2afd544f0_0, 0;
    %pushi/vec4 1, 0, 1;
    %ix/load 4, 0, 0;
    %ix/load 5, 0, 0;
    %flag_set/imm 4, 0;
    %assign/vec4/off/d v0x55a2afd54430_0, 4, 5;
    %pushi/vec4 1, 0, 1;
    %ix/load 4, 1, 0;
    %ix/load 5, 0, 0;
    %flag_set/imm 4, 0;
    %assign/vec4/off/d v0x55a2afd54430_0, 4, 5;
    %pushi/vec4 1, 0, 8;
    %assign/vec4 v0x55a2afd534f0_0, 0;
    %pushi/vec4 0, 0, 1;
    %assign/vec4 v0x55a2afd546d0_0, 0;
    %pushi/vec4 1, 0, 1;
    %assign/vec4 v0x55a2afd54590_0, 0;
    %delay 5, 0;
    %pushi/vec4 0, 0, 1;
    %assign/vec4 v0x55a2afd544f0_0, 0;
    %pushi/vec4 1, 0, 1;
    %ix/load 4, 0, 0;
    %ix/load 5, 0, 0;
    %flag_set/imm 4, 0;
    %assign/vec4/off/d v0x55a2afd54430_0, 4, 5;
    %pushi/vec4 1, 0, 1;
    %ix/load 4, 1, 0;
    %ix/load 5, 0, 0;
    %flag_set/imm 4, 0;
    %assign/vec4/off/d v0x55a2afd54430_0, 4, 5;
    %pushi/vec4 15, 0, 8;
    %assign/vec4 v0x55a2afd534f0_0, 0;
    %pushi/vec4 0, 0, 1;
    %assign/vec4 v0x55a2afd546d0_0, 0;
    %pushi/vec4 1, 0, 1;
    %assign/vec4 v0x55a2afd54590_0, 0;
    %delay 5, 0;
    %pushi/vec4 1, 0, 1;
    %ix/load 4, 0, 0;
    %ix/load 5, 0, 0;
    %flag_set/imm 4, 0;
    %assign/vec4/off/d v0x55a2afd54430_0, 4, 5;
    %pushi/vec4 1, 0, 1;
    %ix/load 4, 1, 0;
    %ix/load 5, 0, 0;
    %flag_set/imm 4, 0;
    %assign/vec4/off/d v0x55a2afd54430_0, 4, 5;
    %pushi/vec4 11, 0, 8;
    %assign/vec4 v0x55a2afd534f0_0, 0;
    %pushi/vec4 0, 0, 1;
    %assign/vec4 v0x55a2afd546d0_0, 0;
    %pushi/vec4 1, 0, 1;
    %assign/vec4 v0x55a2afd54590_0, 0;
    %delay 5, 0;
    %pushi/vec4 1, 0, 1;
    %ix/load 4, 0, 0;
    %ix/load 5, 0, 0;
    %flag_set/imm 4, 0;
    %assign/vec4/off/d v0x55a2afd54430_0, 4, 5;
    %pushi/vec4 1, 0, 1;
    %ix/load 4, 1, 0;
    %ix/load 5, 0, 0;
    %flag_set/imm 4, 0;
    %assign/vec4/off/d v0x55a2afd54430_0, 4, 5;
    %pushi/vec4 126, 112, 8;
    %assign/vec4 v0x55a2afd534f0_0, 0;
    %pushi/vec4 0, 0, 1;
    %assign/vec4 v0x55a2afd546d0_0, 0;
    %pushi/vec4 1, 0, 1;
    %assign/vec4 v0x55a2afd54590_0, 0;
    %delay 5, 0;
    %pushi/vec4 1, 0, 1;
    %ix/load 4, 0, 0;
    %ix/load 5, 0, 0;
    %flag_set/imm 4, 0;
    %assign/vec4/off/d v0x55a2afd54430_0, 4, 5;
    %pushi/vec4 1, 0, 1;
    %ix/load 4, 1, 0;
    %ix/load 5, 0, 0;
    %flag_set/imm 4, 0;
    %assign/vec4/off/d v0x55a2afd54430_0, 4, 5;
    %pushi/vec4 115, 112, 8;
    %assign/vec4 v0x55a2afd534f0_0, 0;
    %pushi/vec4 0, 0, 1;
    %assign/vec4 v0x55a2afd546d0_0, 0;
    %pushi/vec4 1, 0, 1;
    %assign/vec4 v0x55a2afd54590_0, 0;
    %delay 5, 0;
    %pushi/vec4 1, 0, 1;
    %ix/load 4, 0, 0;
    %ix/load 5, 0, 0;
    %flag_set/imm 4, 0;
    %assign/vec4/off/d v0x55a2afd54430_0, 4, 5;
    %pushi/vec4 1, 0, 1;
    %ix/load 4, 1, 0;
    %ix/load 5, 0, 0;
    %flag_set/imm 4, 0;
    %assign/vec4/off/d v0x55a2afd54430_0, 4, 5;
    %pushi/vec4 113, 112, 8;
    %assign/vec4 v0x55a2afd534f0_0, 0;
    %pushi/vec4 0, 0, 1;
    %assign/vec4 v0x55a2afd546d0_0, 0;
    %pushi/vec4 1, 0, 1;
    %assign/vec4 v0x55a2afd54590_0, 0;
    %delay 5, 0;
    %pushi/vec4 1, 0, 1;
    %ix/load 4, 0, 0;
    %ix/load 5, 0, 0;
    %flag_set/imm 4, 0;
    %assign/vec4/off/d v0x55a2afd54430_0, 4, 5;
    %pushi/vec4 1, 0, 1;
    %ix/load 4, 1, 0;
    %ix/load 5, 0, 0;
    %flag_set/imm 4, 0;
    %assign/vec4/off/d v0x55a2afd54430_0, 4, 5;
    %pushi/vec4 126, 112, 8;
    %assign/vec4 v0x55a2afd534f0_0, 0;
    %pushi/vec4 0, 0, 1;
    %assign/vec4 v0x55a2afd546d0_0, 0;
    %pushi/vec4 1, 0, 1;
    %assign/vec4 v0x55a2afd54590_0, 0;
    %end;
    .thread T_2;
# The file index is used to find the file name in the following table.
:file_names 3;
    "N/A";
    "<interactive>";
    "PPI-intel-8255.v";
